/usr/lib/python3/dist-packages/requests/__init__.py:109: RequestsDependencyWarning: urllib3 (2.6.3) or chardet (5.1.0)/charset_normalizer (3.0.1) doesn't match a supported version!
  warnings.warn(
2026-04-05 19:07:57,035 [INFO] AMM Launch Watcher starting...
2026-04-05 19:07:57,036 [INFO] Registry: /home/agent/workspace/trading-bot-v2/state/active_registry.json
2026-04-05 19:07:57,036 [INFO] Hot signals: /home/agent/workspace/trading-bot-v2/state/hot_launches.json
2026-04-05 19:07:57,036 [INFO] Min TVL: 500 XRP
2026-04-05 19:07:57,036 [INFO] Connecting to ws://xrpl-rpc.goons.app:51238...
2026-04-05 19:07:57,049 [INFO] Subscribed: success
2026-04-05 19:08:03,734 [INFO] ⚡ ACCUMULATION BURST: RLUSD — 3 buys, 2000050 XRP in 60s
2026-04-05 19:08:07,550 [INFO] ⚡ ACCUMULATION BURST: RLUSD — 3 buys, 7330 XRP in 60s
2026-04-05 19:08:07,565 [INFO] ⚡ ACCUMULATION BURST: RLUSD — 3 buys, 1008796 XRP in 60s
2026-04-05 19:08:07,565 [INFO] ⚡ ACCUMULATION BURST: USDC — 3 buys, 3000000 XRP in 60s
2026-04-05 19:08:11,414 [INFO] ⚡ ACCUMULATION BURST: USD — 3 buys, 3000000 XRP in 60s
2026-04-05 19:08:11,415 [INFO] ⚡ ACCUMULATION BURST: USD — 3 buys, 3000000 XRP in 60s
2026-04-05 19:08:11,415 [INFO] ⚡ ACCUMULATION BURST: USD — 3 buys, 3000000 XRP in 60s
2026-04-05 19:08:11,416 [INFO] ⚡ ACCUMULATION BURST: USDC — 3 buys, 3000000 XRP in 60s
2026-04-05 19:08:11,416 [INFO] ⚡ ACCUMULATION BURST: USDT — 3 buys, 3000000 XRP in 60s
2026-04-05 19:08:11,423 [INFO] Analyzing launch: USDT | TVL=2441 XRP | issuer=rcvxE9PS9YBwxtGg...
2026-04-05 19:08:12,803 [INFO] ✅ Injected USDT into registry (102 total)
2026-04-05 19:08:12,876 [INFO] TG alert sent for USDT (DNA=40)
2026-04-05 19:08:12,878 [INFO] ⚡ ACCUMULATION BURST: CNY — 3 buys, 300000 XRP in 60s
2026-04-05 19:08:19,205 [INFO] ⚡ ACCUMULATION BURST: RLUSD — 3 buys, 1011343 XRP in 60s
2026-04-05 19:08:19,207 [INFO] ⚡ ACCUMULATION BURST: RLUSD — 3 buys, 5131 XRP in 60s
2026-04-05 19:08:23,234 [INFO] ⚡ ACCUMULATION BURST: CNY — 3 buys, 300000 XRP in 60s
2026-04-05 19:08:23,238 [INFO] ⚡ ACCUMULATION BURST: RLUSD — 3 buys, 1007381 XRP in 60s
2026-04-05 19:08:23,241 [INFO] ⚡ ACCUMULATION BURST: USDC — 3 buys, 2007679 XRP in 60s
2026-04-05 19:08:23,246 [INFO] ⚡ ACCUMULATION BURST: RLUSD — 3 buys, 1008078 XRP in 60s
2026-04-05 19:08:23,247 [INFO] ⚡ ACCUMULATION BURST: USD — 3 buys, 3000000 XRP in 60s
2026-04-05 19:08:23,248 [INFO] ⚡ ACCUMULATION BURST: USD — 3 buys, 3000000 XRP in 60s
2026-04-05 19:08:23,249 [INFO] ⚡ ACCUMULATION BURST: USD — 3 buys, 3000000 XRP in 60s
2026-04-05 19:08:23,250 [INFO] ⚡ ACCUMULATION BURST: USDC — 3 buys, 3000000 XRP in 60s
2026-04-05 19:08:23,250 [INFO] ⚡ ACCUMULATION BURST: USDT — 3 buys, 3000000 XRP in 60s
2026-04-05 19:08:23,251 [INFO]   Boosted hot signal for USDT
2026-04-05 19:08:27,237 [INFO] ⚡ ACCUMULATION BURST: USDC — 3 buys, 2030717 XRP in 60s
2026-04-05 19:08:30,770 [INFO] ⚡ ACCUMULATION BURST: RLUSD — 3 buys, 1008797 XRP in 60s
2026-04-05 19:08:30,771 [INFO] ⚡ ACCUMULATION BURST: RLUSD — 3 buys, 7331 XRP in 60s
2026-04-05 19:08:30,777 [INFO] ⚡ ACCUMULATION BURST: RLUSD — 3 buys, 1008080 XRP in 60s
2026-04-05 19:08:34,548 [INFO] ⚡ ACCUMULATION BURST: RLUSD — 3 buys, 3253 XRP in 60s
2026-04-05 19:08:34,554 [INFO] ⚡ ACCUMULATION BURST: CNY — 3 buys, 300000 XRP in 60s
2026-04-05 19:08:34,556 [INFO] ⚡ ACCUMULATION BURST: USDC — 3 buys, 2007681 XRP in 60s
2026-04-05 19:08:34,556 [INFO] ⚡ ACCUMULATION BURST: USD — 3 buys, 3000000 XRP in 60s
2026-04-05 19:08:34,557 [INFO] ⚡ ACCUMULATION BURST: USD — 3 buys, 3000000 XRP in 60s
2026-04-05 19:08:34,558 [INFO] ⚡ ACCUMULATION BURST: USD — 3 buys, 3000000 XRP in 60s
2026-04-05 19:08:34,558 [INFO] ⚡ ACCUMULATION BURST: USDC — 3 buys, 3000000 XRP in 60s
2026-04-05 19:08:34,559 [INFO] ⚡ ACCUMULATION BURST: USDT — 3 buys, 3000000 XRP in 60s
2026-04-05 19:08:34,560 [INFO]   Boosted hot signal for USDT
/usr/lib/python3/dist-packages/requests/__init__.py:109: RequestsDependencyWarning: urllib3 (2.6.3) or chardet (5.1.0)/charset_normalizer (3.0.1) doesn't match a supported version!
  warnings.warn(
2026-04-05 19:08:39,747 [INFO] AMM Launch Watcher starting...
2026-04-05 19:08:39,747 [INFO] Registry: /home/agent/workspace/trading-bot-v2/state/active_registry.json
2026-04-05 19:08:39,747 [INFO] Hot signals: /home/agent/workspace/trading-bot-v2/state/hot_launches.json
2026-04-05 19:08:39,747 [INFO] Min TVL: 500 XRP
2026-04-05 19:08:39,748 [INFO] Connecting to ws://xrpl-rpc.goons.app:51238...
2026-04-05 19:08:39,761 [INFO] Subscribed: success
2026-04-05 19:12:15,435 [INFO] ⚡ ACCUMULATION BURST: AUDD — 3 buys, 31763 XRP in 60s
2026-04-05 19:12:15,443 [INFO] Analyzing launch: AUDD | TVL=1100 XRP | issuer=rUN5Zxt3K1AnMRJg...
2026-04-05 19:12:16,621 [INFO] ✅ Injected AUDD into registry (102 total)
2026-04-05 19:12:16,701 [INFO] TG alert sent for AUDD (DNA=52)
2026-04-05 19:13:36,906 [INFO] ⚡ ACCUMULATION BURST: CTF — 3 buys, 460 XRP in 60s
2026-04-05 19:13:36,912 [INFO] Analyzing launch: CTF | TVL=3578 XRP | issuer=r9Xzi4KsSF1Xtr8W...
2026-04-05 19:13:38,069 [INFO] ✅ Injected CTF into registry (103 total)
2026-04-05 19:13:38,140 [INFO] TG alert sent for CTF (DNA=42)
2026-04-05 19:16:07,742 [INFO] ⚡ ACCUMULATION BURST: EUROP — 3 buys, 23054 XRP in 60s
2026-04-05 19:16:07,747 [INFO] Analyzing launch: EUROP | TVL=432 XRP | issuer=rMkEuRii9w9uBMQD...
2026-04-05 19:16:09,117 [INFO] ✅ Injected EUROP into registry (104 total)
2026-04-05 19:16:09,201 [INFO] TG alert sent for EUROP (DNA=52)
2026-04-05 19:19:45,834 [INFO] ⚡ ACCUMULATION BURST: EUROP — 3 buys, 23019 XRP in 60s
2026-04-05 19:19:45,836 [INFO]   Boosted hot signal for EUROP
2026-04-05 19:20:28,401 [INFO] ⚡ ACCUMULATION BURST: EUROP — 3 buys, 23004 XRP in 60s
2026-04-05 19:20:28,403 [INFO]   Boosted hot signal for EUROP
2026-04-05 19:21:07,726 [INFO] ⚡ ACCUMULATION BURST: EUROP — 3 buys, 22989 XRP in 60s
2026-04-05 19:21:07,728 [INFO]   Boosted hot signal for EUROP
2026-04-05 19:21:57,944 [INFO] ⚡ ACCUMULATION BURST: EUROP — 3 buys, 22979 XRP in 60s
2026-04-05 19:21:57,945 [INFO]   Boosted hot signal for EUROP
2026-04-05 19:23:19,620 [INFO] ⚡ ACCUMULATION BURST: EUROP — 3 buys, 22980 XRP in 60s
2026-04-05 19:23:19,621 [INFO]   Boosted hot signal for EUROP
2026-04-05 19:24:27,470 [INFO] ⚡ ACCUMULATION BURST: EUROP — 3 buys, 22977 XRP in 60s
2026-04-05 19:24:27,472 [INFO]   Boosted hot signal for EUROP
2026-04-05 19:25:29,775 [INFO] ⚡ ACCUMULATION BURST: EUROP — 3 buys, 22981 XRP in 60s
2026-04-05 19:25:29,776 [INFO]   Boosted hot signal for EUROP
2026-04-05 19:29:22,195 [INFO] ⚡ ACCUMULATION BURST: SPY — 3 buys, 721 XRP in 60s
2026-04-05 19:31:54,805 [INFO] ⚡ ACCUMULATION BURST: FUZZY — 3 buys, 13773 XRP in 60s
2026-04-05 19:32:21,930 [INFO] ⚡ ACCUMULATION BURST: ATM — 3 buys, 601 XRP in 60s
2026-04-05 19:35:00,431 [INFO] ⚡ ACCUMULATION BURST: AUDD — 3 buys, 31740 XRP in 60s
2026-04-05 19:35:00,432 [INFO]   Boosted hot signal for AUDD
2026-04-05 19:41:31,853 [INFO] ⚡ ACCUMULATION BURST: AUDD — 3 buys, 31817 XRP in 60s
2026-04-05 19:41:31,854 [INFO]   Boosted hot signal for AUDD
2026-04-05 19:42:57,592 [INFO] ⚡ ACCUMULATION BURST: EUROP — 3 buys, 23080 XRP in 60s
2026-04-05 19:42:57,593 [INFO]   Boosted hot signal for EUROP
2026-04-05 19:43:40,063 [INFO] ⚡ ACCUMULATION BURST: Baalz — 3 buys, 226 XRP in 60s
2026-04-05 19:47:47,979 [INFO] ⚡ ACCUMULATION BURST: RPR — 3 buys, 363 XRP in 60s
2026-04-05 19:47:47,984 [INFO] Analyzing launch: RPR | TVL=6631 XRP | issuer=r3qWgpz2ry3BhcRJ...
2026-04-05 19:47:49,265 [INFO] ✅ Injected RPR into registry (105 total)
2026-04-05 19:47:49,342 [INFO] TG alert sent for RPR (DNA=42)
2026-04-05 19:56:12,401 [INFO] ⚡ ACCUMULATION BURST: SEAL — 3 buys, 573 XRP in 60s
2026-04-05 19:57:03,263 [INFO] ⚡ ACCUMULATION BURST: SEAL — 3 buys, 573 XRP in 60s
2026-04-05 20:04:39,333 [INFO] ⚡ ACCUMULATION BURST: BMT — 3 buys, 1229 XRP in 60s
2026-04-05 20:05:06,235 [INFO] ⚡ ACCUMULATION BURST: EUROP — 3 buys, 23075 XRP in 60s
2026-04-05 20:05:06,239 [INFO] Analyzing launch: EUROP | TVL=432 XRP | issuer=rMkEuRii9w9uBMQD...
2026-04-05 20:05:07,425 [INFO] ✅ Injected EUROP into registry (102 total)
2026-04-05 20:05:07,508 [INFO] TG alert sent for EUROP (DNA=52)
2026-04-05 20:05:40,823 [INFO] ⚡ ACCUMULATION BURST: BMT — 3 buys, 443 XRP in 60s
2026-04-05 20:07:01,658 [INFO] ⚡ ACCUMULATION BURST: AUDD — 3 buys, 31802 XRP in 60s
2026-04-05 20:07:01,664 [INFO] Analyzing launch: AUDD | TVL=1100 XRP | issuer=rUN5Zxt3K1AnMRJg...
2026-04-05 20:07:02,817 [INFO] ✅ Injected AUDD into registry (102 total)
2026-04-05 20:07:02,894 [INFO] TG alert sent for AUDD (DNA=52)
2026-04-05 20:07:02,899 [INFO] ⚡ ACCUMULATION BURST: XJOY — 3 buys, 857 XRP in 60s
2026-04-05 20:07:02,902 [INFO] Analyzing launch: XJOY | TVL=7270 XRP | issuer=rJAvx8FtrLR3RyZy...
2026-04-05 20:07:04,038 [INFO] ✅ Injected XJOY into registry (103 total)
2026-04-05 20:07:07,115 [INFO] TG alert sent for XJOY (DNA=50)
2026-04-05 20:08:10,919 [INFO] ⚡ ACCUMULATION BURST: XJOY — 4 buys, 557 XRP in 60s
2026-04-05 20:08:10,921 [INFO]   Boosted hot signal for XJOY
2026-04-05 20:17:01,993 [INFO] ⚡ ACCUMULATION BURST: aura — 3 buys, 1544 XRP in 60s
2026-04-05 20:17:02,006 [INFO] Analyzing launch: aura | TVL=8407 XRP | issuer=rpjuvqrH37RGzb88...
2026-04-05 20:17:03,174 [INFO] ✅ Injected aura into registry (102 total)
2026-04-05 20:17:03,251 [INFO] TG alert sent for aura (DNA=58)
2026-04-05 20:19:28,137 [INFO] ⚡ ACCUMULATION BURST: ape — 3 buys, 302 XRP in 60s
2026-04-05 20:19:28,144 [INFO] Analyzing launch: ape | TVL=6424 XRP | issuer=rnxGEQytwx7jDfoK...
2026-04-05 20:19:29,300 [INFO] ✅ Injected ape into registry (101 total)
2026-04-05 20:19:29,377 [INFO] TG alert sent for ape (DNA=57)
2026-04-05 20:24:42,370 [INFO] ⚡ ACCUMULATION BURST: EUROP — 3 buys, 23044 XRP in 60s
2026-04-05 20:24:42,375 [INFO] Analyzing launch: EUROP | TVL=432 XRP | issuer=rMkEuRii9w9uBMQD...
2026-04-05 20:24:43,584 [INFO] ✅ Injected EUROP into registry (102 total)
2026-04-05 20:24:46,382 [INFO] TG alert sent for EUROP (DNA=52)
2026-04-05 20:26:18,715 [INFO] ⚡ ACCUMULATION BURST: EUROP — 3 buys, 23049 XRP in 60s
2026-04-05 20:26:18,720 [INFO] Analyzing launch: EUROP | TVL=432 XRP | issuer=rMkEuRii9w9uBMQD...
2026-04-05 20:26:19,948 [INFO] ✅ Injected EUROP into registry (101 total)
2026-04-05 20:26:20,034 [INFO] TG alert sent for EUROP (DNA=52)
2026-04-05 20:26:49,392 [INFO] ⚡ ACCUMULATION BURST: PHNIX — 3 buys, 1411 XRP in 60s
2026-04-05 20:27:15,668 [INFO] ⚡ ACCUMULATION BURST: ARMY — 3 buys, 1201 XRP in 60s
2026-04-05 20:27:30,997 [INFO] ⚡ ACCUMULATION BURST: ARMY — 3 buys, 1141 XRP in 60s
2026-04-05 20:37:08,932 [INFO] ⚡ ACCUMULATION BURST: EUROP — 3 buys, 23060 XRP in 60s
2026-04-05 20:37:08,934 [INFO]   Boosted hot signal for EUROP
2026-04-05 20:37:32,044 [INFO] ⚡ ACCUMULATION BURST: GRIM — 3 buys, 204 XRP in 60s
2026-04-05 20:37:32,052 [INFO] Analyzing launch: GRIM | TVL=18896 XRP | issuer=rHLRdLwXiBZSD53Z...
2026-04-05 20:37:33,416 [INFO] ✅ Injected GRIM into registry (103 total)
2026-04-05 20:37:33,595 [INFO] TG alert sent for GRIM (DNA=50)
2026-04-05 20:37:47,727 [INFO] ⚡ ACCUMULATION BURST: EUROP — 3 buys, 23015 XRP in 60s
2026-04-05 20:37:47,728 [INFO]   Boosted hot signal for EUROP
2026-04-05 20:38:18,709 [INFO] ⚡ ACCUMULATION BURST: EUROP — 3 buys, 23002 XRP in 60s
2026-04-05 20:38:18,711 [INFO]   Boosted hot signal for EUROP
2026-04-05 20:38:45,930 [INFO] ⚡ ACCUMULATION BURST: ARMY — 3 buys, 588 XRP in 60s
2026-04-05 20:39:20,652 [INFO] ⚡ ACCUMULATION BURST: AUDD — 3 buys, 31694 XRP in 60s
2026-04-05 20:39:20,658 [INFO] Analyzing launch: AUDD | TVL=1100 XRP | issuer=rUN5Zxt3K1AnMRJg...
2026-04-05 20:39:21,816 [INFO] ✅ Injected AUDD into registry (104 total)
2026-04-05 20:39:21,897 [INFO] TG alert sent for AUDD (DNA=52)
2026-04-05 20:39:44,092 [INFO] ⚡ ACCUMULATION BURST: EUROP — 3 buys, 23002 XRP in 60s
2026-04-05 20:39:44,094 [INFO]   Boosted hot signal for EUROP
2026-04-05 20:44:34,248 [INFO] ⚡ ACCUMULATION BURST: EUROP — 3 buys, 23041 XRP in 60s
2026-04-05 20:44:34,249 [INFO]   Boosted hot signal for EUROP
2026-04-05 20:46:26,667 [INFO] ⚡ ACCUMULATION BURST: EUROP — 3 buys, 23035 XRP in 60s
2026-04-05 20:46:26,668 [INFO]   Boosted hot signal for EUROP
2026-04-05 20:48:34,050 [INFO] ⚡ ACCUMULATION BURST: EUROP — 3 buys, 23030 XRP in 60s
2026-04-05 20:48:34,051 [INFO]   Boosted hot signal for EUROP
2026-04-05 20:55:07,028 [INFO] ⚡ ACCUMULATION BURST: EUROP — 3 buys, 23008 XRP in 60s
2026-04-05 20:55:07,029 [INFO]   Boosted hot signal for EUROP
2026-04-05 21:00:01,918 [INFO] ⚡ ACCUMULATION BURST: ARMY — 3 buys, 450 XRP in 60s
2026-04-05 21:01:50,293 [INFO] ⚡ ACCUMULATION BURST: ARMY — 3 buys, 600 XRP in 60s
2026-04-05 21:03:52,000 [INFO] ⚡ ACCUMULATION BURST: AUDD — 3 buys, 31724 XRP in 60s
2026-04-05 21:03:52,004 [INFO] Analyzing launch: AUDD | TVL=1099 XRP | issuer=rUN5Zxt3K1AnMRJg...
2026-04-05 21:03:53,614 [INFO] ✅ Injected AUDD into registry (102 total)
2026-04-05 21:03:53,754 [INFO] TG alert sent for AUDD (DNA=52)
2026-04-05 21:05:09,742 [WARNING] WS error: received 1008 (policy violation) Policy error: client is too slow.; then sent 1008 (policy violation) Policy error: client is too slow. — reconnecting in 5s
2026-04-05 21:05:14,752 [INFO] Subscribed: success
2026-04-05 21:11:51,734 [INFO] ⚡ ACCUMULATION BURST: ARMY — 3 buys, 300 XRP in 60s
2026-04-05 21:12:26,697 [INFO] ⚡ ACCUMULATION BURST: Teddy — 3 buys, 473 XRP in 60s
2026-04-05 21:13:05,212 [INFO] ⚡ ACCUMULATION BURST: EUROP — 3 buys, 23057 XRP in 60s
2026-04-05 21:13:05,217 [INFO] Analyzing launch: EUROP | TVL=432 XRP | issuer=rMkEuRii9w9uBMQD...
2026-04-05 21:13:06,426 [INFO] ✅ Injected EUROP into registry (103 total)
2026-04-05 21:13:06,499 [INFO] TG alert sent for EUROP (DNA=52)
2026-04-05 21:13:46,214 [INFO] ⚡ ACCUMULATION BURST: EUROP — 3 buys, 23074 XRP in 60s
2026-04-05 21:13:46,215 [INFO]   Boosted hot signal for EUROP
2026-04-05 21:14:21,414 [INFO] ⚡ ACCUMULATION BURST: FUZZY — 3 buys, 6011 XRP in 60s
2026-04-05 21:16:13,779 [INFO] ⚡ ACCUMULATION BURST: EUROP — 3 buys, 23067 XRP in 60s
2026-04-05 21:16:13,780 [INFO]   Boosted hot signal for EUROP
2026-04-05 21:17:58,310 [INFO] ⚡ ACCUMULATION BURST: EUROP — 3 buys, 23082 XRP in 60s
2026-04-05 21:17:58,314 [INFO] Analyzing launch: EUROP | TVL=432 XRP | issuer=rMkEuRii9w9uBMQD...
2026-04-05 21:17:59,558 [INFO] ✅ Injected EUROP into registry (102 total)
2026-04-05 21:17:59,650 [INFO] TG alert sent for EUROP (DNA=52)
2026-04-05 21:30:27,019 [INFO] ⚡ ACCUMULATION BURST: EUROP — 3 buys, 23081 XRP in 60s
2026-04-05 21:30:27,020 [INFO]   Boosted hot signal for EUROP
2026-04-05 21:41:33,783 [INFO] ⚡ ACCUMULATION BURST: EUROP — 3 buys, 23067 XRP in 60s
2026-04-05 21:41:33,788 [INFO] Analyzing launch: EUROP | TVL=432 XRP | issuer=rMkEuRii9w9uBMQD...
2026-04-05 21:41:34,985 [INFO] ✅ Injected EUROP into registry (102 total)
2026-04-05 21:41:35,050 [INFO] TG alert sent for EUROP (DNA=52)
2026-04-05 21:43:37,139 [INFO] ⚡ ACCUMULATION BURST: FUZZY — 3 buys, 12897 XRP in 60s
2026-04-05 21:43:56,232 [INFO] ⚡ ACCUMULATION BURST: EUROP — 3 buys, 23091 XRP in 60s
2026-04-05 21:43:56,233 [INFO]   Boosted hot signal for EUROP
2026-04-05 21:45:05,900 [INFO] ⚡ ACCUMULATION BURST: EUROP — 3 buys, 23083 XRP in 60s
2026-04-05 21:45:05,902 [INFO]   Boosted hot signal for EUROP
2026-04-05 21:46:53,663 [INFO] ⚡ ACCUMULATION BURST: EUROP — 3 buys, 23070 XRP in 60s
2026-04-05 21:46:53,665 [INFO]   Boosted hot signal for EUROP
2026-04-05 21:48:03,166 [INFO] ⚡ ACCUMULATION BURST: BEAR — 3 buys, 1485 XRP in 60s
2026-04-05 21:49:05,019 [INFO] ⚡ ACCUMULATION BURST: AUDD — 3 buys, 31766 XRP in 60s
2026-04-05 21:49:05,024 [INFO] Analyzing launch: AUDD | TVL=1099 XRP | issuer=rUN5Zxt3K1AnMRJg...
2026-04-05 21:49:06,194 [INFO] ✅ Injected AUDD into registry (103 total)
2026-04-05 21:49:06,261 [INFO] TG alert sent for AUDD (DNA=52)
2026-04-05 21:50:42,787 [INFO] ⚡ ACCUMULATION BURST: DSH — 3 buys, 5691 XRP in 60s
2026-04-05 21:50:50,350 [INFO] ⚡ ACCUMULATION BURST: EUROP — 3 buys, 23056 XRP in 60s
2026-04-05 21:50:50,351 [INFO]   Boosted hot signal for EUROP
2026-04-05 21:51:48,109 [INFO] ⚡ ACCUMULATION BURST: EUROP — 3 buys, 23044 XRP in 60s
2026-04-05 21:51:48,110 [INFO]   Boosted hot signal for EUROP
2026-04-05 21:54:35,747 [INFO] ⚡ ACCUMULATION BURST: EUROP — 3 buys, 23026 XRP in 60s
2026-04-05 21:54:35,748 [INFO]   Boosted hot signal for EUROP
2026-04-05 21:58:50,370 [INFO] ⚡ ACCUMULATION BURST: EUROP — 3 buys, 23053 XRP in 60s
2026-04-05 21:58:50,371 [INFO]   Boosted hot signal for EUROP
2026-04-05 21:59:52,382 [INFO] ⚡ ACCUMULATION BURST: EUROP — 3 buys, 23070 XRP in 60s
2026-04-05 21:59:52,383 [INFO]   Boosted hot signal for EUROP
2026-04-05 22:00:03,989 [INFO] ⚡ ACCUMULATION BURST: AUDD — 3 buys, 31768 XRP in 60s
2026-04-05 22:00:03,991 [INFO]   Boosted hot signal for AUDD
2026-04-05 22:00:27,125 [INFO] ⚡ ACCUMULATION BURST: EUROP — 3 buys, 23064 XRP in 60s
2026-04-05 22:00:27,127 [INFO]   Boosted hot signal for EUROP
2026-04-05 22:01:13,497 [INFO] ⚡ ACCUMULATION BURST: DSH — 3 buys, 5696 XRP in 60s
2026-04-05 22:01:13,512 [INFO] ⚡ ACCUMULATION BURST: EUROP — 3 buys, 23076 XRP in 60s
2026-04-05 22:01:13,514 [INFO]   Boosted hot signal for EUROP
2026-04-05 22:01:59,868 [INFO] ⚡ ACCUMULATION BURST: EUROP — 3 buys, 23046 XRP in 60s
2026-04-05 22:01:59,869 [INFO]   Boosted hot signal for EUROP
2026-04-05 22:02:03,654 [INFO] ⚡ ACCUMULATION BURST: DSH — 3 buys, 6717 XRP in 60s
2026-04-05 22:02:22,914 [INFO] ⚡ ACCUMULATION BURST: EUROP — 3 buys, 23028 XRP in 60s
2026-04-05 22:02:22,915 [INFO]   Boosted hot signal for EUROP
2026-04-05 22:02:49,954 [INFO] ⚡ ACCUMULATION BURST: AUDD — 3 buys, 31744 XRP in 60s
2026-04-05 22:02:49,955 [INFO]   Boosted hot signal for AUDD
2026-04-05 22:03:24,708 [INFO] ⚡ ACCUMULATION BURST: DSH — 3 buys, 5694 XRP in 60s
2026-04-05 22:04:30,526 [INFO] ⚡ ACCUMULATION BURST: EUROP — 3 buys, 22998 XRP in 60s
2026-04-05 22:04:30,527 [INFO]   Boosted hot signal for EUROP
2026-04-05 22:04:49,909 [INFO] ⚡ ACCUMULATION BURST: DSH — 3 buys, 5687 XRP in 60s
2026-04-05 22:05:09,428 [WARNING] WS error: received 1008 (policy violation) Policy error: client is too slow.; then sent 1008 (policy violation) Policy error: client is too slow. — reconnecting in 5s
2026-04-05 22:05:14,436 [INFO] Subscribed: success
2026-04-05 22:05:20,976 [INFO] ⚡ ACCUMULATION BURST: DSH — 3 buys, 6716 XRP in 60s
2026-04-05 22:05:51,992 [INFO] ⚡ ACCUMULATION BURST: EUROP — 3 buys, 22998 XRP in 60s
2026-04-05 22:05:51,994 [INFO]   Boosted hot signal for EUROP
2026-04-05 22:05:55,892 [INFO] ⚡ ACCUMULATION BURST: DSH — 3 buys, 5690 XRP in 60s
2026-04-05 22:06:30,864 [INFO] ⚡ ACCUMULATION BURST: EUROP — 3 buys, 23011 XRP in 60s
2026-04-05 22:06:30,866 [INFO]   Boosted hot signal for EUROP
2026-04-05 22:06:42,296 [INFO] ⚡ ACCUMULATION BURST: DSH — 3 buys, 6710 XRP in 60s
2026-04-05 22:07:13,699 [INFO] ⚡ ACCUMULATION BURST: EUROP — 3 buys, 23021 XRP in 60s
2026-04-05 22:07:13,699 [INFO]   Boosted hot signal for EUROP
2026-04-05 22:07:25,413 [INFO] ⚡ ACCUMULATION BURST: DSH — 3 buys, 5691 XRP in 60s
2026-04-05 22:07:37,244 [INFO] ⚡ ACCUMULATION BURST: DSH — 3 buys, 6712 XRP in 60s
2026-04-05 22:07:37,256 [INFO] ⚡ ACCUMULATION BURST: EUROP — 3 buys, 23029 XRP in 60s
2026-04-05 22:07:37,258 [INFO]   Boosted hot signal for EUROP
2026-04-05 22:07:52,691 [INFO] ⚡ ACCUMULATION BURST: DSH — 3 buys, 5688 XRP in 60s
2026-04-05 22:07:56,494 [INFO] ⚡ ACCUMULATION BURST: EUROP — 3 buys, 23006 XRP in 60s
2026-04-05 22:07:56,496 [INFO]   Boosted hot signal for EUROP
2026-04-05 22:10:46,397 [INFO] ⚡ ACCUMULATION BURST: EUROP — 3 buys, 23050 XRP in 60s
2026-04-05 22:10:46,398 [INFO]   Boosted hot signal for EUROP
2026-04-05 22:11:13,666 [INFO] ⚡ ACCUMULATION BURST: EUROP — 3 buys, 23071 XRP in 60s
2026-04-05 22:11:13,667 [INFO]   Boosted hot signal for EUROP
2026-04-05 22:11:49,726 [INFO] ⚡ ACCUMULATION BURST: EUROP — 3 buys, 23082 XRP in 60s
2026-04-05 22:11:49,728 [INFO]   Boosted hot signal for EUROP
2026-04-05 22:12:21,604 [INFO] ⚡ ACCUMULATION BURST: PHNIX — 3 buys, 1246 XRP in 60s
2026-04-05 22:12:37,000 [INFO] ⚡ ACCUMULATION BURST: EUROP — 3 buys, 23081 XRP in 60s
2026-04-05 22:12:37,001 [INFO]   Boosted hot signal for EUROP
2026-04-05 22:13:24,603 [INFO] ⚡ ACCUMULATION BURST: PHX — 3 buys, 304 XRP in 60s
2026-04-05 22:13:36,078 [INFO] ⚡ ACCUMULATION BURST: EUROP — 3 buys, 23075 XRP in 60s
2026-04-05 22:13:36,079 [INFO]   Boosted hot signal for EUROP
2026-04-05 22:14:22,869 [INFO] ⚡ ACCUMULATION BURST: EUROP — 3 buys, 23066 XRP in 60s
2026-04-05 22:14:22,871 [INFO]   Boosted hot signal for EUROP
2026-04-05 22:15:25,138 [INFO] ⚡ ACCUMULATION BURST: EUROP — 3 buys, 23058 XRP in 60s
2026-04-05 22:15:25,139 [INFO]   Boosted hot signal for EUROP
2026-04-05 22:16:38,821 [INFO] ⚡ ACCUMULATION BURST: EUROP — 3 buys, 23055 XRP in 60s
2026-04-05 22:16:38,822 [INFO]   Boosted hot signal for EUROP
2026-04-05 22:17:36,801 [INFO] ⚡ ACCUMULATION BURST: AUDD — 3 buys, 31731 XRP in 60s
2026-04-05 22:17:36,802 [INFO]   Boosted hot signal for AUDD
2026-04-05 22:18:20,162 [INFO] ⚡ ACCUMULATION BURST: EUROP — 3 buys, 23060 XRP in 60s
2026-04-05 22:18:20,164 [INFO]   Boosted hot signal for EUROP
2026-04-05 22:20:36,373 [INFO] ⚡ ACCUMULATION BURST: EUROP — 3 buys, 23076 XRP in 60s
2026-04-05 22:20:36,375 [INFO]   Boosted hot signal for EUROP
2026-04-05 22:21:30,425 [INFO] ⚡ ACCUMULATION BURST: EUROP — 3 buys, 23106 XRP in 60s
2026-04-05 22:21:30,427 [INFO]   Boosted hot signal for EUROP
2026-04-05 22:23:07,084 [INFO] ⚡ ACCUMULATION BURST: AUDD — 3 buys, 31828 XRP in 60s
2026-04-05 22:23:07,085 [INFO]   Boosted hot signal for AUDD
2026-04-05 22:23:37,913 [INFO] ⚡ ACCUMULATION BURST: EUROP — 3 buys, 23115 XRP in 60s
2026-04-05 22:23:37,914 [INFO]   Boosted hot signal for EUROP
2026-04-05 22:26:07,608 [INFO] ⚡ ACCUMULATION BURST: EUROP — 3 buys, 23121 XRP in 60s
2026-04-05 22:26:07,610 [INFO]   Boosted hot signal for EUROP
2026-04-05 22:27:30,798 [INFO] ⚡ ACCUMULATION BURST: PHNIX — 3 buys, 1502 XRP in 60s
2026-04-05 22:27:34,736 [INFO] ⚡ ACCUMULATION BURST: AUDD — 3 buys, 31841 XRP in 60s
2026-04-05 22:27:34,740 [INFO] Analyzing launch: AUDD | TVL=1099 XRP | issuer=rUN5Zxt3K1AnMRJg...
2026-04-05 22:27:35,935 [INFO] ✅ Injected AUDD into registry (101 total)
2026-04-05 22:27:36,019 [INFO] TG alert sent for AUDD (DNA=52)
2026-04-05 22:30:05,869 [INFO] ⚡ ACCUMULATION BURST: AUDD — 3 buys, 31799 XRP in 60s
2026-04-05 22:30:05,870 [INFO]   Boosted hot signal for AUDD
2026-04-05 22:30:05,891 [INFO] ⚡ ACCUMULATION BURST: PHX — 3 buys, 304 XRP in 60s
2026-04-05 22:30:55,838 [INFO] ⚡ ACCUMULATION BURST: EUROP — 3 buys, 23101 XRP in 60s
2026-04-05 22:30:55,846 [INFO] Analyzing launch: EUROP | TVL=432 XRP | issuer=rMkEuRii9w9uBMQD...
2026-04-05 22:30:57,024 [INFO] ✅ Injected EUROP into registry (103 total)
2026-04-05 22:30:57,107 [INFO] TG alert sent for EUROP (DNA=52)
2026-04-05 22:31:27,001 [INFO] ⚡ ACCUMULATION BURST: EUROP — 3 buys, 23085 XRP in 60s
2026-04-05 22:31:27,003 [INFO]   Boosted hot signal for EUROP
2026-04-05 22:32:05,684 [INFO] ⚡ ACCUMULATION BURST: EUROP — 3 buys, 23054 XRP in 60s
2026-04-05 22:32:05,685 [INFO]   Boosted hot signal for EUROP
2026-04-05 22:32:51,723 [INFO] ⚡ ACCUMULATION BURST: EUROP — 3 buys, 23046 XRP in 60s
2026-04-05 22:32:51,725 [INFO]   Boosted hot signal for EUROP
2026-04-05 22:33:03,338 [INFO] ⚡ ACCUMULATION BURST: AUDD — 3 buys, 31736 XRP in 60s
2026-04-05 22:33:03,340 [INFO]   Boosted hot signal for AUDD
2026-04-05 22:36:08,000 [INFO] ⚡ ACCUMULATION BURST: EUROP — 3 buys, 23085 XRP in 60s
2026-04-05 22:36:08,001 [INFO]   Boosted hot signal for EUROP
2026-04-05 22:36:08,013 [INFO] ⚡ ACCUMULATION BURST: AUDD — 3 buys, 31790 XRP in 60s
2026-04-05 22:36:08,014 [INFO]   Boosted hot signal for AUDD
2026-04-05 22:38:04,052 [INFO] ⚡ ACCUMULATION BURST: EUROP — 3 buys, 23086 XRP in 60s
2026-04-05 22:38:04,054 [INFO]   Boosted hot signal for EUROP
2026-04-05 22:39:05,636 [INFO] ⚡ ACCUMULATION BURST: EUROP — 3 buys, 23062 XRP in 60s
2026-04-05 22:39:05,638 [INFO]   Boosted hot signal for EUROP
2026-04-05 22:41:01,784 [INFO] ⚡ ACCUMULATION BURST: EUROP — 3 buys, 23055 XRP in 60s
2026-04-05 22:41:01,785 [INFO]   Boosted hot signal for EUROP
2026-04-05 22:43:36,551 [INFO] ⚡ ACCUMULATION BURST: Schmeckles — 3 buys, 265 XRP in 60s
2026-04-05 22:43:36,558 [INFO] Analyzing launch: Schmeckles | TVL=13556 XRP | issuer=rPxw83ZP6thv7KmG...
2026-04-05 22:43:37,795 [INFO] ✅ Injected Schmeckles into registry (104 total)
2026-04-05 22:43:37,912 [INFO] TG alert sent for Schmeckles (DNA=27)
2026-04-05 22:44:04,593 [INFO] ⚡ ACCUMULATION BURST: EUROP — 3 buys, 23031 XRP in 60s
2026-04-05 22:44:04,594 [INFO]   Boosted hot signal for EUROP
2026-04-05 22:44:08,620 [INFO] ⚡ ACCUMULATION BURST: AUDD — 3 buys, 31735 XRP in 60s
2026-04-05 22:44:08,622 [INFO]   Boosted hot signal for AUDD
2026-04-05 22:44:24,331 [INFO] ⚡ ACCUMULATION BURST: EUROP — 3 buys, 22991 XRP in 60s
2026-04-05 22:44:24,332 [INFO]   Boosted hot signal for EUROP
2026-04-05 22:45:19,878 [INFO] ⚡ ACCUMULATION BURST: EUROP — 3 buys, 22983 XRP in 60s
2026-04-05 22:45:19,879 [INFO]   Boosted hot signal for EUROP
2026-04-05 22:45:47,873 [INFO] ⚡ ACCUMULATION BURST: EUROP — 3 buys, 22955 XRP in 60s
2026-04-05 22:45:47,874 [INFO]   Boosted hot signal for EUROP
2026-04-05 22:46:07,392 [INFO] ⚡ ACCUMULATION BURST: AUDD — 3 buys, 31633 XRP in 60s
2026-04-05 22:46:07,394 [INFO]   Boosted hot signal for AUDD
2026-04-05 22:46:19,197 [INFO] ⚡ ACCUMULATION BURST: EUROP — 3 buys, 22942 XRP in 60s
2026-04-05 22:46:19,198 [INFO]   Boosted hot signal for EUROP
2026-04-05 22:46:38,846 [INFO] ⚡ ACCUMULATION BURST: EUROP — 3 buys, 22927 XRP in 60s
2026-04-05 22:46:38,847 [INFO]   Boosted hot signal for EUROP
2026-04-05 22:46:46,492 [INFO] ⚡ ACCUMULATION BURST: WETH — 3 buys, 1401 XRP in 60s
2026-04-05 22:46:58,233 [INFO] ⚡ ACCUMULATION BURST: SPY — 3 buys, 301 XRP in 60s
2026-04-05 22:47:18,567 [INFO] ⚡ ACCUMULATION BURST: EUROP — 3 buys, 22954 XRP in 60s
2026-04-05 22:47:18,569 [INFO]   Boosted hot signal for EUROP
2026-04-05 22:47:38,037 [INFO] ⚡ ACCUMULATION BURST: AUDD — 3 buys, 31595 XRP in 60s
2026-04-05 22:47:38,038 [INFO]   Boosted hot signal for AUDD
2026-04-05 22:47:41,899 [INFO] ⚡ ACCUMULATION BURST: EUROP — 3 buys, 22966 XRP in 60s
2026-04-05 22:47:41,901 [INFO]   Boosted hot signal for EUROP
2026-04-05 22:48:12,974 [INFO] ⚡ ACCUMULATION BURST: EUROP — 3 buys, 22984 XRP in 60s
2026-04-05 22:48:12,976 [INFO]   Boosted hot signal for EUROP
2026-04-05 22:49:07,344 [INFO] ⚡ ACCUMULATION BURST: AUDD — 3 buys, 31651 XRP in 60s
2026-04-05 22:49:07,345 [INFO]   Boosted hot signal for AUDD
2026-04-05 22:49:19,369 [INFO] ⚡ ACCUMULATION BURST: EUROP — 3 buys, 22969 XRP in 60s
2026-04-05 22:49:19,370 [INFO]   Boosted hot signal for EUROP
2026-04-05 22:50:25,598 [INFO] ⚡ ACCUMULATION BURST: EUROP — 3 buys, 22950 XRP in 60s
2026-04-05 22:50:25,600 [INFO]   Boosted hot signal for EUROP
2026-04-05 22:52:34,441 [INFO] ⚡ ACCUMULATION BURST: EUROP — 3 buys, 22944 XRP in 60s
2026-04-05 22:52:34,443 [INFO]   Boosted hot signal for EUROP
2026-04-05 22:53:45,037 [INFO] ⚡ ACCUMULATION BURST: EUROP — 3 buys, 22959 XRP in 60s
2026-04-05 22:53:45,038 [INFO]   Boosted hot signal for EUROP
2026-04-05 22:54:20,493 [INFO] ⚡ ACCUMULATION BURST: EUROP — 3 buys, 22948 XRP in 60s
2026-04-05 22:54:20,494 [INFO]   Boosted hot signal for EUROP
2026-04-05 22:55:03,121 [INFO] ⚡ ACCUMULATION BURST: EUROP — 3 buys, 22953 XRP in 60s
2026-04-05 22:55:03,122 [INFO]   Boosted hot signal for EUROP
2026-04-05 22:55:41,928 [INFO] ⚡ ACCUMULATION BURST: EUROP — 3 buys, 22954 XRP in 60s
2026-04-05 22:55:41,929 [INFO]   Boosted hot signal for EUROP
2026-04-05 22:56:36,454 [INFO] ⚡ ACCUMULATION BURST: EUROP — 3 buys, 22948 XRP in 60s
2026-04-05 22:56:36,455 [INFO]   Boosted hot signal for EUROP
2026-04-05 22:57:07,374 [INFO] ⚡ ACCUMULATION BURST: EUROP — 3 buys, 22935 XRP in 60s
2026-04-05 22:57:07,375 [INFO]   Boosted hot signal for EUROP
2026-04-05 22:57:42,521 [INFO] ⚡ ACCUMULATION BURST: EUROP — 3 buys, 22901 XRP in 60s
2026-04-05 22:57:42,522 [INFO]   Boosted hot signal for EUROP
2026-04-05 22:58:25,289 [INFO] ⚡ ACCUMULATION BURST: XRPS — 3 buys, 5537 XRP in 60s
2026-04-05 22:58:25,297 [INFO] Analyzing launch: XRPS | TVL=74218 XRP | issuer=rN1bCPAxHDvyJzvk...
2026-04-05 22:58:25,299 [INFO] ✅ Injected XRPS into registry (105 total)
2026-04-05 22:58:25,390 [INFO] TG alert sent for XRPS (DNA=20)
2026-04-05 22:58:25,395 [INFO] ⚡ ACCUMULATION BURST: EUROP — 3 buys, 22875 XRP in 60s
2026-04-05 22:58:25,397 [INFO]   Boosted hot signal for EUROP
2026-04-05 22:59:08,861 [INFO] ⚡ ACCUMULATION BURST: AUDD — 3 buys, 31518 XRP in 60s
2026-04-05 22:59:08,863 [INFO]   Boosted hot signal for AUDD
2026-04-05 23:00:07,184 [INFO] ⚡ ACCUMULATION BURST: EUROP — 3 buys, 22862 XRP in 60s
2026-04-05 23:00:07,185 [INFO]   Boosted hot signal for EUROP
2026-04-05 23:00:30,443 [INFO] ⚡ ACCUMULATION BURST: EUROP — 3 buys, 22845 XRP in 60s
2026-04-05 23:00:30,445 [INFO]   Boosted hot signal for EUROP
2026-04-05 23:00:38,403 [INFO] ⚡ ACCUMULATION BURST: AUDD — 3 buys, 31497 XRP in 60s
2026-04-05 23:00:38,405 [INFO]   Boosted hot signal for AUDD
2026-04-05 23:01:05,899 [INFO] ⚡ ACCUMULATION BURST: DSH — 3 buys, 5691 XRP in 60s
2026-04-05 23:01:09,810 [INFO] ⚡ ACCUMULATION BURST: DSH — 3 buys, 6713 XRP in 60s
2026-04-05 23:01:44,867 [INFO] ⚡ ACCUMULATION BURST: DSH — 3 buys, 5694 XRP in 60s
2026-04-05 23:01:52,780 [INFO] ⚡ ACCUMULATION BURST: EUROP — 3 buys, 22828 XRP in 60s
2026-04-05 23:01:52,780 [INFO]   Boosted hot signal for EUROP
2026-04-05 23:02:00,662 [INFO] ⚡ ACCUMULATION BURST: DSH — 3 buys, 6716 XRP in 60s
2026-04-05 23:02:08,654 [INFO] ⚡ ACCUMULATION BURST: AUDD — 3 buys, 31460 XRP in 60s
2026-04-05 23:02:08,654 [INFO]   Boosted hot signal for AUDD
2026-04-05 23:02:24,205 [INFO] ⚡ ACCUMULATION BURST: EUROP — 3 buys, 22856 XRP in 60s
2026-04-05 23:02:24,206 [INFO]   Boosted hot signal for EUROP
2026-04-05 23:02:31,838 [INFO] ⚡ ACCUMULATION BURST: BNB — 3 buys, 322 XRP in 60s
2026-04-05 23:02:59,001 [INFO] ⚡ ACCUMULATION BURST: EUROP — 3 buys, 22861 XRP in 60s
2026-04-05 23:02:59,003 [INFO]   Boosted hot signal for EUROP
2026-04-05 23:03:26,189 [INFO] ⚡ ACCUMULATION BURST: WETH — 3 buys, 1381 XRP in 60s
2026-04-05 23:03:34,043 [INFO] ⚡ ACCUMULATION BURST: EUROP — 3 buys, 22850 XRP in 60s
2026-04-05 23:03:34,045 [INFO]   Boosted hot signal for EUROP
2026-04-05 23:05:07,609 [WARNING] WS error: received 1008 (policy violation) Policy error: client is too slow.; then sent 1008 (policy violation) Policy error: client is too slow. — reconnecting in 5s
2026-04-05 23:05:12,620 [INFO] Subscribed: success
2026-04-05 23:05:34,831 [INFO] ⚡ ACCUMULATION BURST: EUROP — 3 buys, 22858 XRP in 60s
2026-04-05 23:05:34,833 [INFO]   Boosted hot signal for EUROP
2026-04-05 23:06:10,036 [INFO] ⚡ ACCUMULATION BURST: EUROP — 3 buys, 22817 XRP in 60s
2026-04-05 23:06:10,038 [INFO]   Boosted hot signal for EUROP
2026-04-05 23:06:52,701 [INFO] ⚡ ACCUMULATION BURST: DSH — 3 buys, 5693 XRP in 60s
2026-04-05 23:07:16,363 [INFO] ⚡ ACCUMULATION BURST: EUROP — 3 buys, 22808 XRP in 60s
2026-04-05 23:07:16,364 [INFO]   Boosted hot signal for EUROP
2026-04-05 23:08:57,907 [INFO] ⚡ ACCUMULATION BURST: EUROP — 3 buys, 22786 XRP in 60s
2026-04-05 23:08:57,908 [INFO]   Boosted hot signal for EUROP
2026-04-05 23:09:25,092 [INFO] ⚡ ACCUMULATION BURST: EUROP — 3 buys, 22798 XRP in 60s
2026-04-05 23:09:25,093 [INFO]   Boosted hot signal for EUROP
2026-04-05 23:10:05,031 [INFO] ⚡ ACCUMULATION BURST: EUROP — 3 buys, 22802 XRP in 60s
2026-04-05 23:10:05,032 [INFO]   Boosted hot signal for EUROP
2026-04-05 23:11:07,117 [INFO] ⚡ ACCUMULATION BURST: EUROP — 3 buys, 22811 XRP in 60s
2026-04-05 23:11:07,119 [INFO]   Boosted hot signal for EUROP
2026-04-05 23:11:07,135 [INFO] ⚡ ACCUMULATION BURST: AUDD — 3 buys, 31427 XRP in 60s
2026-04-05 23:11:07,136 [INFO]   Boosted hot signal for AUDD
2026-04-05 23:11:14,862 [INFO] ⚡ ACCUMULATION BURST: PIGEONS — 3 buys, 852 XRP in 60s
2026-04-05 23:11:14,875 [INFO] Analyzing launch: PIGEONS | TVL=9627 XRP | issuer=rfQVVT7X5FynwK87...
2026-04-05 23:11:16,048 [INFO] ✅ Injected PIGEONS into registry (106 total)
2026-04-05 23:11:16,120 [INFO] TG alert sent for PIGEONS (DNA=38)
2026-04-05 23:11:34,240 [INFO] ⚡ ACCUMULATION BURST: EUROP — 3 buys, 22799 XRP in 60s
2026-04-05 23:11:34,241 [INFO]   Boosted hot signal for EUROP
2026-04-05 23:12:16,949 [INFO] ⚡ ACCUMULATION BURST: PHNIX — 3 buys, 6025 XRP in 60s
2026-04-05 23:12:40,423 [INFO] ⚡ ACCUMULATION BURST: EUROP — 3 buys, 22790 XRP in 60s
2026-04-05 23:12:40,424 [INFO]   Boosted hot signal for EUROP
2026-04-05 23:13:03,473 [INFO] ⚡ ACCUMULATION BURST: FUZZY — 3 buys, 6010 XRP in 60s
2026-04-05 23:13:53,913 [INFO] ⚡ ACCUMULATION BURST: EUROP — 3 buys, 22784 XRP in 60s
2026-04-05 23:13:53,915 [INFO]   Boosted hot signal for EUROP
2026-04-05 23:14:48,799 [INFO] ⚡ ACCUMULATION BURST: EUROP — 3 buys, 22757 XRP in 60s
2026-04-05 23:14:48,801 [INFO]   Boosted hot signal for EUROP
2026-04-05 23:14:53,000 [INFO] ⚡ ACCUMULATION BURST: Teddy — 3 buys, 609 XRP in 60s
2026-04-05 23:15:17,173 [INFO] ⚡ ACCUMULATION BURST: EUROP — 3 buys, 22705 XRP in 60s
2026-04-05 23:15:17,175 [INFO]   Boosted hot signal for EUROP
2026-04-05 23:15:33,010 [INFO] ⚡ ACCUMULATION BURST: WETH — 3 buys, 1451 XRP in 60s
2026-04-05 23:15:40,568 [INFO] ⚡ ACCUMULATION BURST: EUROP — 3 buys, 22659 XRP in 60s
2026-04-05 23:15:40,570 [INFO]   Boosted hot signal for EUROP
2026-04-05 23:16:00,054 [INFO] ⚡ ACCUMULATION BURST: DSH — 3 buys, 5695 XRP in 60s
2026-04-05 23:16:11,769 [INFO] ⚡ ACCUMULATION BURST: EUROP — 3 buys, 22637 XRP in 60s
2026-04-05 23:16:11,770 [INFO]   Boosted hot signal for EUROP
2026-04-05 23:16:27,294 [INFO] ⚡ ACCUMULATION BURST: DSH — 3 buys, 6716 XRP in 60s
2026-04-05 23:16:38,802 [INFO] ⚡ ACCUMULATION BURST: EUROP — 3 buys, 22626 XRP in 60s
2026-04-05 23:16:38,804 [INFO]   Boosted hot signal for EUROP
2026-04-05 23:16:42,615 [INFO] ⚡ ACCUMULATION BURST: DSH — 3 buys, 5695 XRP in 60s
2026-04-05 23:16:50,434 [INFO] ⚡ ACCUMULATION BURST: DSH — 3 buys, 6715 XRP in 60s
2026-04-05 23:16:50,455 [INFO] ⚡ ACCUMULATION BURST: LTC — 3 buys, 431 XRP in 60s
2026-04-05 23:17:06,052 [INFO] ⚡ ACCUMULATION BURST: EUROP — 3 buys, 22622 XRP in 60s
2026-04-05 23:17:06,053 [INFO]   Boosted hot signal for EUROP
2026-04-05 23:17:29,310 [INFO] ⚡ ACCUMULATION BURST: EUROP — 3 buys, 22623 XRP in 60s
2026-04-05 23:17:29,312 [INFO]   Boosted hot signal for EUROP
2026-04-05 23:18:04,562 [INFO] ⚡ ACCUMULATION BURST: EUROP — 3 buys, 22591 XRP in 60s
2026-04-05 23:18:04,563 [INFO]   Boosted hot signal for EUROP
2026-04-05 23:18:12,305 [INFO] ⚡ ACCUMULATION BURST: BNB — 3 buys, 323 XRP in 60s
2026-04-05 23:18:12,311 [INFO] ⚡ ACCUMULATION BURST: LTC — 3 buys, 7721 XRP in 60s
2026-04-05 23:18:12,315 [INFO] Analyzing launch: LTC | TVL=1099 XRP | issuer=rcRzGWq6Ng3jeYhq...
2026-04-05 23:18:13,466 [INFO] ✅ Injected LTC into registry (107 total)
2026-04-05 23:18:16,545 [INFO] TG alert sent for LTC (DNA=60)
2026-04-05 23:18:27,881 [INFO] ⚡ ACCUMULATION BURST: EUROP — 3 buys, 22574 XRP in 60s
2026-04-05 23:18:27,882 [INFO]   Boosted hot signal for EUROP
2026-04-05 23:18:47,002 [INFO] ⚡ ACCUMULATION BURST: LTC — 3 buys, 8616 XRP in 60s
2026-04-05 23:18:47,004 [INFO]   Boosted hot signal for LTC
2026-04-05 23:18:58,735 [INFO] ⚡ ACCUMULATION BURST: EUROP — 3 buys, 22595 XRP in 60s
2026-04-05 23:18:58,736 [INFO]   Boosted hot signal for EUROP
2026-04-05 23:19:14,191 [INFO] ⚡ ACCUMULATION BURST: AUDD — 3 buys, 31113 XRP in 60s
2026-04-05 23:19:14,193 [INFO]   Boosted hot signal for AUDD
2026-04-05 23:19:18,210 [INFO] ⚡ ACCUMULATION BURST: EUROP — 3 buys, 22589 XRP in 60s
2026-04-05 23:19:18,211 [INFO]   Boosted hot signal for EUROP
2026-04-05 23:19:22,034 [INFO] ⚡ ACCUMULATION BURST: WETH — 3 buys, 1353 XRP in 60s
2026-04-05 23:19:37,565 [INFO] ⚡ ACCUMULATION BURST: LTC — 3 buys, 7723 XRP in 60s
2026-04-05 23:19:37,567 [INFO]   Boosted hot signal for LTC
2026-04-05 23:19:49,246 [INFO] ⚡ ACCUMULATION BURST: EUROP — 3 buys, 22593 XRP in 60s
2026-04-05 23:19:49,247 [INFO]   Boosted hot signal for EUROP
2026-04-05 23:20:24,278 [INFO] ⚡ ACCUMULATION BURST: WETH — 3 buys, 1413 XRP in 60s
2026-04-05 23:20:36,265 [INFO] ⚡ ACCUMULATION BURST: LTC — 3 buys, 8620 XRP in 60s
2026-04-05 23:20:36,266 [INFO]   Boosted hot signal for LTC
2026-04-05 23:21:26,650 [INFO] ⚡ ACCUMULATION BURST: EUROP — 3 buys, 22569 XRP in 60s
2026-04-05 23:21:26,651 [INFO]   Boosted hot signal for EUROP
2026-04-05 23:21:53,901 [INFO] ⚡ ACCUMULATION BURST: EUROP — 3 buys, 22594 XRP in 60s
2026-04-05 23:21:53,902 [INFO]   Boosted hot signal for EUROP
2026-04-05 23:22:25,102 [INFO] ⚡ ACCUMULATION BURST: EUROP — 3 buys, 22625 XRP in 60s
2026-04-05 23:22:25,103 [INFO]   Boosted hot signal for EUROP
2026-04-05 23:22:40,895 [INFO] ⚡ ACCUMULATION BURST: AUDD — 3 buys, 31144 XRP in 60s
2026-04-05 23:22:40,897 [INFO]   Boosted hot signal for AUDD
2026-04-05 23:23:55,329 [INFO] ⚡ ACCUMULATION BURST: EUROP — 3 buys, 22639 XRP in 60s
2026-04-05 23:23:55,331 [INFO]   Boosted hot signal for EUROP
2026-04-05 23:24:18,796 [INFO] ⚡ ACCUMULATION BURST: EUROP — 3 buys, 22665 XRP in 60s
2026-04-05 23:24:18,798 [INFO]   Boosted hot signal for EUROP
2026-04-05 23:25:01,904 [INFO] ⚡ ACCUMULATION BURST: EUROP — 3 buys, 22660 XRP in 60s
2026-04-05 23:25:01,905 [INFO]   Boosted hot signal for EUROP
2026-04-05 23:25:25,199 [INFO] ⚡ ACCUMULATION BURST: EUROP — 3 buys, 22659 XRP in 60s
2026-04-05 23:25:25,201 [INFO]   Boosted hot signal for EUROP
2026-04-05 23:26:05,316 [INFO] ⚡ ACCUMULATION BURST: EUROP — 3 buys, 22661 XRP in 60s
2026-04-05 23:26:05,318 [INFO]   Boosted hot signal for EUROP
2026-04-05 23:26:29,407 [INFO] ⚡ ACCUMULATION BURST: EUROP — 3 buys, 22638 XRP in 60s
2026-04-05 23:26:29,408 [INFO]   Boosted hot signal for EUROP
2026-04-05 23:27:21,480 [INFO] ⚡ ACCUMULATION BURST: EUROP — 3 buys, 22636 XRP in 60s
2026-04-05 23:27:21,481 [INFO]   Boosted hot signal for EUROP
2026-04-05 23:28:12,894 [INFO] ⚡ ACCUMULATION BURST: WETH — 3 buys, 1414 XRP in 60s
2026-04-05 23:29:16,545 [INFO] ⚡ ACCUMULATION BURST: EUROP — 3 buys, 22630 XRP in 60s
2026-04-05 23:29:16,546 [INFO]   Boosted hot signal for EUROP
2026-04-05 23:29:59,848 [INFO] ⚡ ACCUMULATION BURST: LTC — 3 buys, 7723 XRP in 60s
2026-04-05 23:29:59,850 [INFO]   Boosted hot signal for LTC
2026-04-05 23:31:09,679 [INFO] ⚡ ACCUMULATION BURST: DSH — 3 buys, 5696 XRP in 60s
2026-04-05 23:31:09,724 [INFO] ⚡ ACCUMULATION BURST: SEAL — 3 buys, 476 XRP in 60s
2026-04-05 23:31:40,581 [INFO] ⚡ ACCUMULATION BURST: DSH — 3 buys, 6719 XRP in 60s
2026-04-05 23:32:11,885 [INFO] ⚡ ACCUMULATION BURST: AUDD — 3 buys, 31161 XRP in 60s
2026-04-05 23:32:11,886 [INFO]   Boosted hot signal for AUDD
2026-04-05 23:32:23,306 [INFO] ⚡ ACCUMULATION BURST: EUROP — 3 buys, 22593 XRP in 60s
2026-04-05 23:32:23,307 [INFO]   Boosted hot signal for EUROP
2026-04-05 23:32:31,265 [INFO] ⚡ ACCUMULATION BURST: DSH — 3 buys, 5696 XRP in 60s
2026-04-05 23:32:46,799 [INFO] ⚡ ACCUMULATION BURST: EUROP — 3 buys, 22602 XRP in 60s
2026-04-05 23:32:46,801 [INFO]   Boosted hot signal for EUROP
2026-04-05 23:33:33,652 [INFO] ⚡ ACCUMULATION BURST: EUROP — 3 buys, 22602 XRP in 60s
2026-04-05 23:33:33,654 [INFO]   Boosted hot signal for EUROP
2026-04-05 23:33:49,392 [INFO] ⚡ ACCUMULATION BURST: WETH — 3 buys, 1478 XRP in 60s
2026-04-05 23:34:01,041 [INFO] ⚡ ACCUMULATION BURST: EUROP — 3 buys, 22614 XRP in 60s
2026-04-05 23:34:01,042 [INFO]   Boosted hot signal for EUROP
2026-04-05 23:34:43,650 [INFO] ⚡ ACCUMULATION BURST: AUDD — 3 buys, 31149 XRP in 60s
2026-04-05 23:34:43,651 [INFO]   Boosted hot signal for AUDD
2026-04-05 23:34:59,313 [INFO] ⚡ ACCUMULATION BURST: EUROP — 3 buys, 22617 XRP in 60s
2026-04-05 23:34:59,314 [INFO]   Boosted hot signal for EUROP
2026-04-05 23:35:14,710 [INFO] ⚡ ACCUMULATION BURST: PHNIX — 3 buys, 1616 XRP in 60s
2026-04-05 23:35:41,879 [INFO] ⚡ ACCUMULATION BURST: EUROP — 3 buys, 22632 XRP in 60s
2026-04-05 23:35:41,881 [INFO]   Boosted hot signal for EUROP
2026-04-05 23:36:32,159 [INFO] ⚡ ACCUMULATION BURST: EUROP — 3 buys, 22614 XRP in 60s
2026-04-05 23:36:32,160 [INFO]   Boosted hot signal for EUROP
2026-04-05 23:36:43,768 [INFO] ⚡ ACCUMULATION BURST: AUDD — 3 buys, 31159 XRP in 60s
2026-04-05 23:36:43,770 [INFO]   Boosted hot signal for AUDD
2026-04-05 23:36:51,399 [INFO] ⚡ ACCUMULATION BURST: PHX — 3 buys, 882 XRP in 60s
2026-04-05 23:36:55,323 [INFO] ⚡ ACCUMULATION BURST: PHX — 3 buys, 545 XRP in 60s
2026-04-05 23:37:34,107 [INFO] ⚡ ACCUMULATION BURST: EUROP — 3 buys, 22605 XRP in 60s
2026-04-05 23:37:34,108 [INFO]   Boosted hot signal for EUROP
2026-04-05 23:37:42,091 [INFO] ⚡ ACCUMULATION BURST: PHX — 3 buys, 4136 XRP in 60s
2026-04-05 23:38:20,733 [INFO] ⚡ ACCUMULATION BURST: EUROP — 3 buys, 22630 XRP in 60s
2026-04-05 23:38:20,735 [INFO]   Boosted hot signal for EUROP
2026-04-05 23:39:18,896 [INFO] ⚡ ACCUMULATION BURST: EUROP — 3 buys, 22644 XRP in 60s
2026-04-05 23:39:18,898 [INFO]   Boosted hot signal for EUROP
2026-04-05 23:39:57,702 [INFO] ⚡ ACCUMULATION BURST: EUROP — 3 buys, 22647 XRP in 60s
2026-04-05 23:39:57,703 [INFO]   Boosted hot signal for EUROP
2026-04-05 23:41:08,055 [INFO] ⚡ ACCUMULATION BURST: PHX — 3 buys, 302 XRP in 60s
2026-04-05 23:41:54,705 [INFO] ⚡ ACCUMULATION BURST: PHX — 3 buys, 964 XRP in 60s
2026-04-05 23:42:53,130 [INFO] ⚡ ACCUMULATION BURST: EUROP — 3 buys, 22658 XRP in 60s
2026-04-05 23:42:53,131 [INFO]   Boosted hot signal for EUROP
2026-04-05 23:43:36,169 [INFO] ⚡ ACCUMULATION BURST: PHX — 4 buys, 219 XRP in 60s
2026-04-05 23:44:11,088 [INFO] ⚡ ACCUMULATION BURST: AUDD — 3 buys, 31219 XRP in 60s
2026-04-05 23:44:11,090 [INFO]   Boosted hot signal for AUDD
2026-04-05 23:44:54,433 [INFO] ⚡ ACCUMULATION BURST: EUROP — 3 buys, 22667 XRP in 60s
2026-04-05 23:44:54,435 [INFO]   Boosted hot signal for EUROP
2026-04-05 23:45:21,899 [INFO] ⚡ ACCUMULATION BURST: EUROP — 3 buys, 22652 XRP in 60s
2026-04-05 23:45:21,900 [INFO]   Boosted hot signal for EUROP
2026-04-05 23:45:56,874 [INFO] ⚡ ACCUMULATION BURST: PHX — 4 buys, 277 XRP in 60s
2026-04-05 23:46:43,315 [INFO] ⚡ ACCUMULATION BURST: AUDD — 3 buys, 31189 XRP in 60s
2026-04-05 23:46:43,316 [INFO]   Boosted hot signal for AUDD
2026-04-05 23:48:24,866 [INFO] ⚡ ACCUMULATION BURST: EUROP — 3 buys, 22645 XRP in 60s
2026-04-05 23:48:24,867 [INFO]   Boosted hot signal for EUROP
2026-04-05 23:51:08,962 [INFO] ⚡ ACCUMULATION BURST: EUROP — 3 buys, 22654 XRP in 60s
2026-04-05 23:51:08,964 [INFO]   Boosted hot signal for EUROP
2026-04-05 23:52:14,459 [INFO] ⚡ ACCUMULATION BURST: PHX — 3 buys, 359 XRP in 60s
2026-04-05 23:52:41,422 [INFO] ⚡ ACCUMULATION BURST: PHX — 3 buys, 359 XRP in 60s
2026-04-05 23:53:21,316 [INFO] ⚡ ACCUMULATION BURST: EUROP — 3 buys, 22638 XRP in 60s
2026-04-05 23:53:21,317 [INFO]   Boosted hot signal for EUROP
2026-04-05 23:55:09,277 [INFO] ⚡ ACCUMULATION BURST: EUROP — 3 buys, 22641 XRP in 60s
2026-04-05 23:55:09,279 [INFO]   Boosted hot signal for EUROP
2026-04-05 23:58:19,153 [INFO] ⚡ ACCUMULATION BURST: PHX — 3 buys, 359 XRP in 60s
2026-04-05 23:58:42,283 [INFO] ⚡ ACCUMULATION BURST: EUROP — 3 buys, 22628 XRP in 60s
2026-04-05 23:58:42,284 [INFO]   Boosted hot signal for EUROP
2026-04-05 23:59:59,081 [INFO] ⚡ ACCUMULATION BURST: PHX — 3 buys, 242 XRP in 60s
2026-04-06 00:00:22,398 [INFO] ⚡ ACCUMULATION BURST: DSH — 3 buys, 5698 XRP in 60s
2026-04-06 00:00:53,235 [INFO] ⚡ ACCUMULATION BURST: DSH — 3 buys, 6717 XRP in 60s
2026-04-06 00:01:16,776 [INFO] ⚡ ACCUMULATION BURST: BNB — 3 buys, 324 XRP in 60s
2026-04-06 00:01:44,017 [INFO] ⚡ ACCUMULATION BURST: DSH — 3 buys, 5693 XRP in 60s
2026-04-06 00:01:47,881 [INFO] ⚡ ACCUMULATION BURST: LTC — 3 buys, 7720 XRP in 60s
2026-04-06 00:01:47,883 [INFO]   Boosted hot signal for LTC
2026-04-06 00:01:59,574 [INFO] ⚡ ACCUMULATION BURST: DSH — 3 buys, 6714 XRP in 60s
2026-04-06 00:02:03,393 [INFO] ⚡ ACCUMULATION BURST: EUROP — 3 buys, 22444 XRP in 60s
2026-04-06 00:02:03,395 [INFO]   Boosted hot signal for EUROP
2026-04-06 00:02:38,478 [INFO] ⚡ ACCUMULATION BURST: XRPS — 3 buys, 5520 XRP in 60s
2026-04-06 00:02:38,479 [INFO]   Boosted hot signal for XRPS
2026-04-06 00:02:42,558 [INFO] ⚡ ACCUMULATION BURST: LTC — 3 buys, 8619 XRP in 60s
2026-04-06 00:02:42,559 [INFO]   Boosted hot signal for LTC
2026-04-06 00:03:06,091 [INFO] ⚡ ACCUMULATION BURST: EUROP — 3 buys, 22518 XRP in 60s
2026-04-06 00:03:06,092 [INFO]   Boosted hot signal for EUROP
2026-04-06 00:03:25,770 [INFO] ⚡ ACCUMULATION BURST: DROP — 3 buys, 3113 XRP in 60s
2026-04-06 00:03:33,571 [INFO] ⚡ ACCUMULATION BURST: EUROP — 3 buys, 22521 XRP in 60s
2026-04-06 00:03:33,573 [INFO]   Boosted hot signal for EUROP
2026-04-06 00:03:45,315 [INFO] ⚡ ACCUMULATION BURST: AUDD — 3 buys, 31001 XRP in 60s
2026-04-06 00:03:45,317 [INFO]   Boosted hot signal for AUDD
2026-04-06 00:03:53,028 [INFO] ⚡ ACCUMULATION BURST: PHX — 3 buys, 918 XRP in 60s
2026-04-06 00:04:00,894 [INFO] ⚡ ACCUMULATION BURST: DROP — 3 buys, 3116 XRP in 60s
2026-04-06 00:04:36,844 [INFO] ⚡ ACCUMULATION BURST: CTF — 3 buys, 555 XRP in 60s
2026-04-06 00:04:36,850 [INFO] Analyzing launch: CTF | TVL=3674 XRP | issuer=r9Xzi4KsSF1Xtr8W...
2026-04-06 00:04:38,056 [INFO] ✅ Injected CTF into registry (108 total)
2026-04-06 00:04:41,137 [INFO] TG alert sent for CTF (DNA=42)
2026-04-06 00:04:41,143 [INFO] ⚡ ACCUMULATION BURST: EUROP — 3 buys, 22515 XRP in 60s
2026-04-06 00:04:41,145 [INFO]   Boosted hot signal for EUROP
2026-04-06 00:05:11,890 [INFO] ⚡ ACCUMULATION BURST: EUROP — 3 buys, 22497 XRP in 60s
2026-04-06 00:05:11,893 [INFO]   Boosted hot signal for EUROP
2026-04-06 00:05:39,031 [INFO] ⚡ ACCUMULATION BURST: EUROP — 3 buys, 22473 XRP in 60s
2026-04-06 00:05:39,033 [INFO]   Boosted hot signal for EUROP
2026-04-06 00:05:42,812 [INFO] ⚡ ACCUMULATION BURST: PHX — 4 buys, 201 XRP in 60s
2026-04-06 00:06:17,775 [INFO] ⚡ ACCUMULATION BURST: EUROP — 3 buys, 22451 XRP in 60s
2026-04-06 00:06:17,776 [INFO]   Boosted hot signal for EUROP
2026-04-06 00:06:41,464 [INFO] ⚡ ACCUMULATION BURST: EUROP — 3 buys, 22451 XRP in 60s
2026-04-06 00:06:41,466 [INFO]   Boosted hot signal for EUROP
2026-04-06 00:06:56,906 [INFO] ⚡ ACCUMULATION BURST: BNB — 3 buys, 322 XRP in 60s
2026-04-06 00:07:08,437 [INFO] ⚡ ACCUMULATION BURST: EUROP — 3 buys, 22447 XRP in 60s
2026-04-06 00:07:08,439 [INFO]   Boosted hot signal for EUROP
2026-04-06 00:07:43,329 [INFO] ⚡ ACCUMULATION BURST: AUDD — 3 buys, 30952 XRP in 60s
2026-04-06 00:07:43,331 [INFO]   Boosted hot signal for AUDD
2026-04-06 00:07:58,799 [INFO] ⚡ ACCUMULATION BURST: EUROP — 3 buys, 22473 XRP in 60s
2026-04-06 00:07:58,801 [INFO]   Boosted hot signal for EUROP
2026-04-06 00:08:26,353 [INFO] ⚡ ACCUMULATION BURST: EUROP — 3 buys, 22480 XRP in 60s
2026-04-06 00:08:26,355 [INFO]   Boosted hot signal for EUROP
2026-04-06 00:09:20,883 [INFO] ⚡ ACCUMULATION BURST: EUROP — 3 buys, 22485 XRP in 60s
2026-04-06 00:09:20,885 [INFO]   Boosted hot signal for EUROP
2026-04-06 00:10:19,129 [INFO] ⚡ ACCUMULATION BURST: ATM — 3 buys, 240 XRP in 60s
2026-04-06 00:10:26,867 [INFO] ⚡ ACCUMULATION BURST: EUROP — 3 buys, 22502 XRP in 60s
2026-04-06 00:10:26,868 [INFO]   Boosted hot signal for EUROP
2026-04-06 00:11:01,739 [INFO] ⚡ ACCUMULATION BURST: EUROP — 3 buys, 22524 XRP in 60s
2026-04-06 00:11:01,740 [INFO]   Boosted hot signal for EUROP
2026-04-06 00:13:33,048 [INFO] ⚡ ACCUMULATION BURST: EUROP — 3 buys, 22527 XRP in 60s
2026-04-06 00:13:33,049 [INFO]   Boosted hot signal for EUROP
2026-04-06 00:15:02,297 [INFO] ⚡ ACCUMULATION BURST: EUROP — 3 buys, 22512 XRP in 60s
2026-04-06 00:15:02,299 [INFO]   Boosted hot signal for EUROP
2026-04-06 00:15:06,271 [INFO] ⚡ ACCUMULATION BURST: AUDD — 3 buys, 31048 XRP in 60s
2026-04-06 00:15:06,273 [INFO]   Boosted hot signal for AUDD
2026-04-06 00:15:44,835 [INFO] ⚡ ACCUMULATION BURST: EUROP — 3 buys, 22482 XRP in 60s
2026-04-06 00:15:44,836 [INFO]   Boosted hot signal for EUROP
2026-04-06 00:16:50,916 [INFO] ⚡ ACCUMULATION BURST: EUROP — 3 buys, 22454 XRP in 60s
2026-04-06 00:16:50,918 [INFO]   Boosted hot signal for EUROP
2026-04-06 00:17:06,213 [INFO] ⚡ ACCUMULATION BURST: AUDD — 3 buys, 30967 XRP in 60s
2026-04-06 00:17:06,215 [INFO]   Boosted hot signal for AUDD
2026-04-06 00:17:10,079 [INFO] ⚡ ACCUMULATION BURST: EUROP — 3 buys, 22462 XRP in 60s
2026-04-06 00:17:10,080 [INFO]   Boosted hot signal for EUROP
2026-04-06 00:17:48,739 [INFO] ⚡ ACCUMULATION BURST: EUROP — 3 buys, 22461 XRP in 60s
2026-04-06 00:17:48,741 [INFO]   Boosted hot signal for EUROP
2026-04-06 00:18:39,022 [INFO] ⚡ ACCUMULATION BURST: EUROP — 3 buys, 22473 XRP in 60s
2026-04-06 00:18:39,024 [INFO]   Boosted hot signal for EUROP
2026-04-06 00:19:37,404 [INFO] ⚡ ACCUMULATION BURST: AUDD — 3 buys, 30988 XRP in 60s
2026-04-06 00:19:37,405 [INFO]   Boosted hot signal for AUDD
2026-04-06 00:21:21,575 [INFO] ⚡ ACCUMULATION BURST: EUROP — 3 buys, 22525 XRP in 60s
2026-04-06 00:21:21,578 [INFO]   Boosted hot signal for EUROP
2026-04-06 00:21:52,307 [INFO] ⚡ ACCUMULATION BURST: EUROP — 3 buys, 22525 XRP in 60s
2026-04-06 00:21:52,309 [INFO]   Boosted hot signal for EUROP
2026-04-06 00:22:34,843 [INFO] ⚡ ACCUMULATION BURST: EUROP — 3 buys, 22514 XRP in 60s
2026-04-06 00:22:34,845 [INFO]   Boosted hot signal for EUROP
2026-04-06 00:23:07,137 [INFO] ⚡ ACCUMULATION BURST: AUDD — 3 buys, 31042 XRP in 60s
2026-04-06 00:23:07,138 [INFO]   Boosted hot signal for AUDD
2026-04-06 00:23:41,994 [INFO] ⚡ ACCUMULATION BURST: EUROP — 3 buys, 22484 XRP in 60s
2026-04-06 00:23:41,995 [INFO]   Boosted hot signal for EUROP
2026-04-06 00:24:24,799 [INFO] ⚡ ACCUMULATION BURST: EUROP — 3 buys, 22463 XRP in 60s
2026-04-06 00:24:24,800 [INFO]   Boosted hot signal for EUROP
2026-04-06 00:25:08,345 [INFO] ⚡ ACCUMULATION BURST: AUDD — 3 buys, 30976 XRP in 60s
2026-04-06 00:25:08,346 [INFO]   Boosted hot signal for AUDD
2026-04-06 00:25:08,352 [INFO] ⚡ ACCUMULATION BURST: EUROP — 3 buys, 22456 XRP in 60s
2026-04-06 00:25:08,354 [INFO]   Boosted hot signal for EUROP
2026-04-06 00:25:51,577 [INFO] ⚡ ACCUMULATION BURST: EUROP — 3 buys, 22456 XRP in 60s
2026-04-06 00:25:51,579 [INFO]   Boosted hot signal for EUROP
2026-04-06 00:27:24,945 [INFO] ⚡ ACCUMULATION BURST: EUROP — 3 buys, 22464 XRP in 60s
2026-04-06 00:27:24,947 [INFO]   Boosted hot signal for EUROP
2026-04-06 00:27:36,899 [INFO] ⚡ ACCUMULATION BURST: AUDD — 3 buys, 30977 XRP in 60s
2026-04-06 00:27:36,901 [INFO]   Boosted hot signal for AUDD
2026-04-06 00:27:44,506 [INFO] ⚡ ACCUMULATION BURST: PHNIX — 3 buys, 1622 XRP in 60s
2026-04-06 00:28:03,807 [INFO] ⚡ ACCUMULATION BURST: EUROP — 3 buys, 22461 XRP in 60s
2026-04-06 00:28:03,809 [INFO]   Boosted hot signal for EUROP
2026-04-06 00:29:05,919 [INFO] ⚡ ACCUMULATION BURST: $FLIPPY — 3 buys, 2146 XRP in 60s
2026-04-06 00:29:05,927 [INFO] Analyzing launch: $FLIPPY | TVL=15908 XRP | issuer=rsENFmELvj92orrC...
2026-04-06 00:29:07,078 [INFO] ✅ Injected $FLIPPY into registry (101 total)
2026-04-06 00:29:10,165 [INFO] TG alert sent for $FLIPPY (DNA=48)
2026-04-06 00:29:17,381 [INFO] ⚡ ACCUMULATION BURST: EUROP — 3 buys, 22456 XRP in 60s
2026-04-06 00:29:17,386 [INFO] Analyzing launch: EUROP | TVL=426 XRP | issuer=rMkEuRii9w9uBMQD...
2026-04-06 00:29:18,561 [INFO] ✅ Injected EUROP into registry (102 total)
2026-04-06 00:29:18,636 [INFO] TG alert sent for EUROP (DNA=52)
2026-04-06 00:29:36,584 [INFO] ⚡ ACCUMULATION BURST: AUDD — 3 buys, 30973 XRP in 60s
2026-04-06 00:29:36,588 [INFO] Analyzing launch: AUDD | TVL=1085 XRP | issuer=rUN5Zxt3K1AnMRJg...
2026-04-06 00:29:37,671 [INFO] ✅ Injected AUDD into registry (103 total)
2026-04-06 00:29:37,750 [INFO] TG alert sent for AUDD (DNA=52)
2026-04-06 00:29:40,489 [INFO] ⚡ ACCUMULATION BURST: EUROP — 3 buys, 22452 XRP in 60s
2026-04-06 00:29:40,490 [INFO]   Boosted hot signal for EUROP
2026-04-06 00:29:40,519 [INFO] ⚡ ACCUMULATION BURST: PHNIX — 3 buys, 3609 XRP in 60s
2026-04-06 00:30:15,617 [INFO] ⚡ ACCUMULATION BURST: EUROP — 3 buys, 22462 XRP in 60s
2026-04-06 00:30:15,619 [INFO]   Boosted hot signal for EUROP
2026-04-06 00:30:27,359 [INFO] ⚡ ACCUMULATION BURST: DSH — 3 buys, 5695 XRP in 60s
2026-04-06 00:30:42,905 [INFO] ⚡ ACCUMULATION BURST: EUROP — 3 buys, 22436 XRP in 60s
2026-04-06 00:30:42,906 [INFO]   Boosted hot signal for EUROP
2026-04-06 00:31:41,500 [INFO] ⚡ ACCUMULATION BURST: EUROP — 3 buys, 22432 XRP in 60s
2026-04-06 00:31:41,501 [INFO]   Boosted hot signal for EUROP
2026-04-06 00:32:16,630 [INFO] ⚡ ACCUMULATION BURST: EUROP — 3 buys, 22436 XRP in 60s
2026-04-06 00:32:16,631 [INFO]   Boosted hot signal for EUROP
2026-04-06 00:33:26,194 [INFO] ⚡ ACCUMULATION BURST: EUROP — 3 buys, 22468 XRP in 60s
2026-04-06 00:33:26,195 [INFO]   Boosted hot signal for EUROP
2026-04-06 00:33:45,666 [INFO] ⚡ ACCUMULATION BURST: EUROP — 3 buys, 22462 XRP in 60s
2026-04-06 00:33:45,667 [INFO]   Boosted hot signal for EUROP
2026-04-06 00:34:35,929 [INFO] ⚡ ACCUMULATION BURST: EUROP — 3 buys, 22472 XRP in 60s
2026-04-06 00:34:35,930 [INFO]   Boosted hot signal for EUROP
2026-04-06 00:34:35,933 [INFO] ⚡ ACCUMULATION BURST: AUDD — 3 buys, 30973 XRP in 60s
2026-04-06 00:34:35,935 [INFO]   Boosted hot signal for AUDD
2026-04-06 00:35:49,898 [INFO] ⚡ ACCUMULATION BURST: EUROP — 3 buys, 22474 XRP in 60s
2026-04-06 00:35:49,899 [INFO]   Boosted hot signal for EUROP
2026-04-06 00:36:44,090 [INFO] ⚡ ACCUMULATION BURST: EUROP — 3 buys, 22476 XRP in 60s
2026-04-06 00:36:44,091 [INFO]   Boosted hot signal for EUROP
2026-04-06 00:37:07,745 [INFO] ⚡ ACCUMULATION BURST: AUDD — 3 buys, 30990 XRP in 60s
2026-04-06 00:37:07,747 [INFO]   Boosted hot signal for AUDD
2026-04-06 00:37:34,801 [INFO] ⚡ ACCUMULATION BURST: EUROP — 3 buys, 22489 XRP in 60s
2026-04-06 00:37:34,803 [INFO]   Boosted hot signal for EUROP
2026-04-06 00:38:36,599 [INFO] ⚡ ACCUMULATION BURST: EUROP — 3 buys, 22472 XRP in 60s
2026-04-06 00:38:36,600 [INFO]   Boosted hot signal for EUROP
2026-04-06 00:39:42,509 [INFO] ⚡ ACCUMULATION BURST: EUROP — 3 buys, 22462 XRP in 60s
2026-04-06 00:39:42,511 [INFO]   Boosted hot signal for EUROP
2026-04-06 00:40:33,069 [INFO] ⚡ ACCUMULATION BURST: EUROP — 3 buys, 22461 XRP in 60s
2026-04-06 00:40:33,070 [INFO]   Boosted hot signal for EUROP
2026-04-06 00:41:07,699 [INFO] ⚡ ACCUMULATION BURST: EUROP — 3 buys, 22437 XRP in 60s
2026-04-06 00:41:07,701 [INFO]   Boosted hot signal for EUROP
2026-04-06 00:41:46,602 [INFO] ⚡ ACCUMULATION BURST: EUROP — 3 buys, 22419 XRP in 60s
2026-04-06 00:41:46,603 [INFO]   Boosted hot signal for EUROP
2026-04-06 00:42:09,941 [INFO] ⚡ ACCUMULATION BURST: EUROP — 3 buys, 22427 XRP in 60s
2026-04-06 00:42:09,942 [INFO]   Boosted hot signal for EUROP
2026-04-06 00:42:37,008 [INFO] ⚡ ACCUMULATION BURST: AUDD — 3 buys, 30903 XRP in 60s
2026-04-06 00:42:37,008 [INFO]   Boosted hot signal for AUDD
2026-04-06 00:43:00,230 [INFO] ⚡ ACCUMULATION BURST: EUROP — 3 buys, 22417 XRP in 60s
2026-04-06 00:43:00,232 [INFO]   Boosted hot signal for EUROP
2026-04-06 00:44:01,859 [INFO] ⚡ ACCUMULATION BURST: EUROP — 3 buys, 22427 XRP in 60s
2026-04-06 00:44:01,861 [INFO]   Boosted hot signal for EUROP
2026-04-06 00:44:36,985 [INFO] ⚡ ACCUMULATION BURST: AUDD — 3 buys, 30931 XRP in 60s
2026-04-06 00:44:36,986 [INFO]   Boosted hot signal for AUDD
2026-04-06 00:44:56,026 [INFO] ⚡ ACCUMULATION BURST: EUROP — 3 buys, 22437 XRP in 60s
2026-04-06 00:44:56,027 [INFO]   Boosted hot signal for EUROP
2026-04-06 00:45:34,671 [INFO] ⚡ ACCUMULATION BURST: WETH — 3 buys, 1346 XRP in 60s
2026-04-06 00:45:34,676 [INFO] Analyzing launch: WETH | TVL=95176 XRP | issuer=rfmS3zqrQrka8wVy...
2026-04-06 00:45:34,679 [INFO] ✅ Injected WETH into registry (105 total)
2026-04-06 00:45:37,767 [INFO] TG alert sent for WETH (DNA=20)
2026-04-06 00:46:01,923 [INFO] ⚡ ACCUMULATION BURST: EUROP — 3 buys, 22438 XRP in 60s
2026-04-06 00:46:01,924 [INFO]   Boosted hot signal for EUROP
2026-04-06 00:46:09,816 [INFO] ⚡ ACCUMULATION BURST: MXI — 3 buys, 921 XRP in 60s
2026-04-06 00:46:56,166 [INFO] ⚡ ACCUMULATION BURST: EUROP — 3 buys, 22461 XRP in 60s
2026-04-06 00:46:56,167 [INFO]   Boosted hot signal for EUROP
2026-04-06 00:48:29,708 [INFO] ⚡ ACCUMULATION BURST: EUROP — 3 buys, 22466 XRP in 60s
2026-04-06 00:48:29,709 [INFO]   Boosted hot signal for EUROP
2026-04-06 00:53:21,218 [INFO] ⚡ ACCUMULATION BURST: EUROP — 3 buys, 22511 XRP in 60s
2026-04-06 00:53:21,219 [INFO]   Boosted hot signal for EUROP
2026-04-06 00:53:25,101 [INFO] ⚡ ACCUMULATION BURST: PHX — 3 buys, 612 XRP in 60s
2026-04-06 00:53:42,228 [INFO] ⚡ ACCUMULATION BURST: FUZZY — 3 buys, 12970 XRP in 60s
2026-04-06 00:54:39,139 [INFO] ⚡ ACCUMULATION BURST: EUROP — 3 buys, 22528 XRP in 60s
2026-04-06 00:54:39,144 [INFO] Analyzing launch: EUROP | TVL=426 XRP | issuer=rMkEuRii9w9uBMQD...
2026-04-06 00:54:40,370 [INFO] ✅ Injected EUROP into registry (102 total)
2026-04-06 00:54:43,104 [INFO] TG alert sent for EUROP (DNA=52)
2026-04-06 00:56:00,798 [INFO] ⚡ ACCUMULATION BURST: EUROP — 3 buys, 22518 XRP in 60s
2026-04-06 00:56:00,800 [INFO]   Boosted hot signal for EUROP
2026-04-06 00:56:20,298 [INFO] ⚡ ACCUMULATION BURST: PHX — 3 buys, 272 XRP in 60s
2026-04-06 00:58:47,433 [INFO] ⚡ ACCUMULATION BURST: EUROP — 3 buys, 22534 XRP in 60s
2026-04-06 00:58:47,434 [INFO]   Boosted hot signal for EUROP
2026-04-06 01:00:55,443 [INFO] ⚡ ACCUMULATION BURST: EUROP — 3 buys, 22527 XRP in 60s
2026-04-06 01:00:55,444 [INFO]   Boosted hot signal for EUROP
2026-04-06 01:01:15,087 [INFO] ⚡ ACCUMULATION BURST: PHX — 3 buys, 303 XRP in 60s
2026-04-06 01:01:30,589 [INFO] ⚡ ACCUMULATION BURST: EUROP — 3 buys, 22526 XRP in 60s
2026-04-06 01:01:30,589 [INFO]   Boosted hot signal for EUROP
2026-04-06 01:02:01,571 [INFO] ⚡ ACCUMULATION BURST: EUROP — 3 buys, 22508 XRP in 60s
2026-04-06 01:02:01,573 [INFO]   Boosted hot signal for EUROP
2026-04-06 01:02:05,571 [INFO] ⚡ ACCUMULATION BURST: PHNIX — 3 buys, 7212 XRP in 60s
2026-04-06 01:03:16,382 [INFO] ⚡ ACCUMULATION BURST: EUROP — 3 buys, 22530 XRP in 60s
2026-04-06 01:03:16,384 [INFO]   Boosted hot signal for EUROP
2026-04-06 01:04:00,358 [INFO] ⚡ ACCUMULATION BURST: EUROP — 3 buys, 22539 XRP in 60s
2026-04-06 01:04:00,359 [INFO]   Boosted hot signal for EUROP
2026-04-06 01:05:09,819 [INFO] ⚡ ACCUMULATION BURST: EUROP — 3 buys, 22549 XRP in 60s
2026-04-06 01:05:09,821 [INFO]   Boosted hot signal for EUROP
2026-04-06 01:07:05,862 [INFO] ⚡ ACCUMULATION BURST: EUROP — 3 buys, 22567 XRP in 60s
2026-04-06 01:07:05,863 [INFO]   Boosted hot signal for EUROP
2026-04-06 01:07:48,426 [INFO] ⚡ ACCUMULATION BURST: EUROP — 3 buys, 22583 XRP in 60s
2026-04-06 01:07:48,427 [INFO]   Boosted hot signal for EUROP
2026-04-06 01:08:30,839 [INFO] ⚡ ACCUMULATION BURST: EUROP — 3 buys, 22575 XRP in 60s
2026-04-06 01:08:30,841 [INFO]   Boosted hot signal for EUROP
2026-04-06 01:08:34,846 [INFO] ⚡ ACCUMULATION BURST: RIPPLE — 3 buys, 223 XRP in 60s
2026-04-06 01:08:34,854 [INFO] Analyzing launch: RIPPLE | TVL=3351 XRP | issuer=rMgrYs2XYgbGaLZ1...
2026-04-06 01:08:35,999 [INFO] ✅ Injected RIPPLE into registry (103 total)
2026-04-06 01:08:36,065 [INFO] TG alert sent for RIPPLE (DNA=45)
2026-04-06 01:09:51,746 [INFO] ⚡ ACCUMULATION BURST: EUROP — 3 buys, 22589 XRP in 60s
2026-04-06 01:09:51,747 [INFO]   Boosted hot signal for EUROP
2026-04-06 01:11:12,168 [INFO] ⚡ ACCUMULATION BURST: EUROP — 3 buys, 22572 XRP in 60s
2026-04-06 01:11:12,169 [INFO]   Boosted hot signal for EUROP
2026-04-06 01:14:47,999 [INFO] ⚡ ACCUMULATION BURST: EUROP — 3 buys, 22580 XRP in 60s
2026-04-06 01:14:48,004 [INFO] Analyzing launch: EUROP | TVL=426 XRP | issuer=rMkEuRii9w9uBMQD...
2026-04-06 01:14:49,205 [INFO] ✅ Injected EUROP into registry (102 total)
2026-04-06 01:14:49,277 [INFO] TG alert sent for EUROP (DNA=52)
2026-04-06 01:14:55,178 [INFO] ⚡ ACCUMULATION BURST: DSH — 3 buys, 5696 XRP in 60s
2026-04-06 01:16:24,417 [INFO] ⚡ ACCUMULATION BURST: PHX — 3 buys, 303 XRP in 60s
2026-04-06 01:18:19,640 [INFO] ⚡ ACCUMULATION BURST: EUROP — 3 buys, 22601 XRP in 60s
2026-04-06 01:18:19,641 [INFO]   Boosted hot signal for EUROP
2026-04-06 01:19:48,636 [INFO] ⚡ ACCUMULATION BURST: EUROP — 3 buys, 22619 XRP in 60s
2026-04-06 01:19:48,638 [INFO]   Boosted hot signal for EUROP
2026-04-06 01:20:38,980 [INFO] ⚡ ACCUMULATION BURST: EUROP — 3 buys, 22595 XRP in 60s
2026-04-06 01:20:38,985 [INFO] Analyzing launch: EUROP | TVL=426 XRP | issuer=rMkEuRii9w9uBMQD...
2026-04-06 01:20:40,156 [INFO] ✅ Injected EUROP into registry (102 total)
2026-04-06 01:20:43,210 [INFO] TG alert sent for EUROP (DNA=52)
2026-04-06 01:21:21,394 [INFO] ⚡ ACCUMULATION BURST: EUROP — 3 buys, 22601 XRP in 60s
2026-04-06 01:21:21,395 [INFO]   Boosted hot signal for EUROP
2026-04-06 01:21:56,249 [INFO] ⚡ ACCUMULATION BURST: EUROP — 3 buys, 22622 XRP in 60s
2026-04-06 01:21:56,251 [INFO]   Boosted hot signal for EUROP
2026-04-06 01:22:34,828 [INFO] ⚡ ACCUMULATION BURST: EUROP — 3 buys, 22603 XRP in 60s
2026-04-06 01:22:34,829 [INFO]   Boosted hot signal for EUROP
2026-04-06 01:23:55,841 [INFO] ⚡ ACCUMULATION BURST: AUDD — 3 buys, 31143 XRP in 60s
2026-04-06 01:23:55,851 [INFO] Analyzing launch: AUDD | TVL=1085 XRP | issuer=rUN5Zxt3K1AnMRJg...
2026-04-06 01:23:57,105 [INFO] ✅ Injected AUDD into registry (103 total)
2026-04-06 01:24:00,175 [INFO] TG alert sent for AUDD (DNA=52)
2026-04-06 01:24:15,224 [INFO] ⚡ ACCUMULATION BURST: EUROP — 3 buys, 22577 XRP in 60s
2026-04-06 01:24:15,226 [INFO]   Boosted hot signal for EUROP
2026-04-06 01:26:40,113 [INFO] ⚡ ACCUMULATION BURST: PHNIX — 3 buys, 328763 XRP in 60s
2026-04-06 01:27:07,785 [INFO] ⚡ ACCUMULATION BURST: Teddy — 3 buys, 300 XRP in 60s
2026-04-06 01:28:48,001 [INFO] ⚡ ACCUMULATION BURST: EUROP — 3 buys, 22568 XRP in 60s
2026-04-06 01:28:48,003 [INFO]   Boosted hot signal for EUROP
2026-04-06 01:31:30,854 [INFO] ⚡ ACCUMULATION BURST: Teddy — 3 buys, 229 XRP in 60s
2026-04-06 01:32:49,058 [INFO] ⚡ ACCUMULATION BURST: EUROP — 3 buys, 22591 XRP in 60s
2026-04-06 01:32:49,059 [INFO]   Boosted hot signal for EUROP
2026-04-06 01:33:35,226 [INFO] ⚡ ACCUMULATION BURST: EUROP — 3 buys, 22581 XRP in 60s
2026-04-06 01:33:35,228 [INFO]   Boosted hot signal for EUROP
2026-04-06 01:34:44,611 [INFO] ⚡ ACCUMULATION BURST: EUROP — 3 buys, 22595 XRP in 60s
2026-04-06 01:34:44,612 [INFO]   Boosted hot signal for EUROP
2026-04-06 01:35:34,657 [INFO] ⚡ ACCUMULATION BURST: EUROP — 3 buys, 22588 XRP in 60s
2026-04-06 01:35:34,662 [INFO] Analyzing launch: EUROP | TVL=426 XRP | issuer=rMkEuRii9w9uBMQD...
2026-04-06 01:35:35,843 [INFO] ✅ Injected EUROP into registry (101 total)
2026-04-06 01:35:35,926 [INFO] TG alert sent for EUROP (DNA=52)
2026-04-06 01:36:24,891 [INFO] ⚡ ACCUMULATION BURST: EUROP — 3 buys, 22576 XRP in 60s
2026-04-06 01:36:24,891 [INFO]   Boosted hot signal for EUROP
2026-04-06 01:38:08,182 [INFO] ⚡ ACCUMULATION BURST: EUROP — 3 buys, 22574 XRP in 60s
2026-04-06 01:38:08,182 [INFO]   Boosted hot signal for EUROP
2026-04-06 01:39:29,222 [INFO] ⚡ ACCUMULATION BURST: EUROP — 3 buys, 22543 XRP in 60s
2026-04-06 01:39:29,223 [INFO]   Boosted hot signal for EUROP
2026-04-06 01:40:23,490 [INFO] ⚡ ACCUMULATION BURST: EUROP — 3 buys, 22554 XRP in 60s
2026-04-06 01:40:23,492 [INFO]   Boosted hot signal for EUROP
2026-04-06 01:41:10,318 [INFO] ⚡ ACCUMULATION BURST: AUDD — 3 buys, 31108 XRP in 60s
2026-04-06 01:41:10,323 [INFO] Analyzing launch: AUDD | TVL=1085 XRP | issuer=rUN5Zxt3K1AnMRJg...
2026-04-06 01:41:11,496 [INFO] ✅ Injected AUDD into registry (103 total)
2026-04-06 01:41:14,580 [INFO] TG alert sent for AUDD (DNA=52)
2026-04-06 01:41:33,172 [INFO] ⚡ ACCUMULATION BURST: EUROP — 3 buys, 22553 XRP in 60s
2026-04-06 01:41:33,173 [INFO]   Boosted hot signal for EUROP
2026-04-06 01:45:32,771 [INFO] ⚡ ACCUMULATION BURST: EUROP — 3 buys, 22548 XRP in 60s
2026-04-06 01:45:32,772 [INFO]   Boosted hot signal for EUROP
2026-04-06 01:48:32,761 [INFO] ⚡ ACCUMULATION BURST: AUDD — 3 buys, 31096 XRP in 60s
2026-04-06 01:48:32,763 [INFO]   Boosted hot signal for AUDD
2026-04-06 01:48:48,002 [INFO] ⚡ ACCUMULATION BURST: PHX — 3 buys, 303 XRP in 60s
2026-04-06 01:52:33,302 [INFO] ⚡ ACCUMULATION BURST: AUDD — 3 buys, 31091 XRP in 60s
2026-04-06 01:52:33,303 [INFO]   Boosted hot signal for AUDD
2026-04-06 01:53:34,775 [INFO] ⚡ ACCUMULATION BURST: RPR — 3 buys, 1085 XRP in 60s
2026-04-06 01:53:34,777 [INFO]   Boosted hot signal for RPR
2026-04-06 01:55:32,877 [INFO] ⚡ ACCUMULATION BURST: EUROP — 3 buys, 22557 XRP in 60s
2026-04-06 01:55:32,878 [INFO]   Boosted hot signal for EUROP
2026-04-06 01:56:33,929 [INFO] ⚡ ACCUMULATION BURST: EUROP — 3 buys, 22557 XRP in 60s
2026-04-06 01:56:33,931 [INFO]   Boosted hot signal for EUROP
2026-04-06 01:56:33,932 [INFO] ⚡ ACCUMULATION BURST: AUDD — 3 buys, 31114 XRP in 60s
2026-04-06 01:56:33,934 [INFO]   Boosted hot signal for AUDD
2026-04-06 01:59:53,668 [INFO] ⚡ ACCUMULATION BURST: RPR — 3 buys, 3810 XRP in 60s
2026-04-06 01:59:53,669 [INFO]   Boosted hot signal for RPR
2026-04-06 02:00:59,248 [INFO] ⚡ ACCUMULATION BURST: ASC — 3 buys, 277 XRP in 60s
2026-04-06 02:01:30,060 [INFO] ⚡ ACCUMULATION BURST: AUDD — 3 buys, 31106 XRP in 60s
2026-04-06 02:01:30,062 [INFO]   Boosted hot signal for AUDD
2026-04-06 02:04:46,053 [INFO] ⚡ ACCUMULATION BURST: SIGMA — 3 buys, 602 XRP in 60s
2026-04-06 02:04:57,478 [INFO] ⚡ ACCUMULATION BURST: EUROP — 3 buys, 22503 XRP in 60s
2026-04-06 02:04:57,480 [INFO]   Boosted hot signal for EUROP
2026-04-06 02:05:47,247 [INFO] ⚡ ACCUMULATION BURST: OPM — 3 buys, 619 XRP in 60s
2026-04-06 02:05:47,258 [INFO] Analyzing launch: OPM | TVL=3064 XRP | issuer=rhdG26oZL6QKzSXs...
2026-04-06 02:05:48,453 [INFO] ✅ Injected OPM into registry (104 total)
2026-04-06 02:05:48,509 [INFO] TG alert sent for OPM (DNA=57)
2026-04-06 02:06:06,986 [INFO] ⚡ ACCUMULATION BURST: EUROP — 3 buys, 15052 XRP in 60s
2026-04-06 02:06:06,988 [INFO]   Boosted hot signal for EUROP
2026-04-06 02:06:37,554 [INFO] ⚡ ACCUMULATION BURST: EUROP — 3 buys, 22469 XRP in 60s
2026-04-06 02:06:37,556 [INFO]   Boosted hot signal for EUROP
2026-04-06 02:06:41,612 [INFO] ⚡ ACCUMULATION BURST: OPM — 3 buys, 619 XRP in 60s
2026-04-06 02:06:41,613 [INFO]   Boosted hot signal for OPM
2026-04-06 02:06:45,799 [INFO] ⚡ ACCUMULATION BURST: OPM — 3 buys, 215 XRP in 60s
2026-04-06 02:06:45,800 [INFO]   Boosted hot signal for OPM
2026-04-06 02:07:24,124 [INFO] ⚡ ACCUMULATION BURST: EUROP — 3 buys, 22457 XRP in 60s
2026-04-06 02:07:24,125 [INFO]   Boosted hot signal for EUROP
2026-04-06 02:08:29,583 [INFO] ⚡ ACCUMULATION BURST: EUROP — 3 buys, 22451 XRP in 60s
2026-04-06 02:08:29,585 [INFO]   Boosted hot signal for EUROP
2026-04-06 02:09:28,401 [INFO] ⚡ ACCUMULATION BURST: EUROP — 3 buys, 22468 XRP in 60s
2026-04-06 02:09:28,402 [INFO]   Boosted hot signal for EUROP
2026-04-06 02:10:18,720 [INFO] ⚡ ACCUMULATION BURST: EUROP — 3 buys, 22448 XRP in 60s
2026-04-06 02:10:18,721 [INFO]   Boosted hot signal for EUROP
2026-04-06 02:10:41,914 [INFO] ⚡ ACCUMULATION BURST: EUROP — 3 buys, 22421 XRP in 60s
2026-04-06 02:10:41,916 [INFO]   Boosted hot signal for EUROP
2026-04-06 02:11:13,798 [INFO] ⚡ ACCUMULATION BURST: EUROP — 3 buys, 22386 XRP in 60s
2026-04-06 02:11:13,799 [INFO]   Boosted hot signal for EUROP
2026-04-06 02:11:40,836 [INFO] ⚡ ACCUMULATION BURST: DSH — 3 buys, 5694 XRP in 60s
2026-04-06 02:11:52,405 [INFO] ⚡ ACCUMULATION BURST: EUROP — 3 buys, 22294 XRP in 60s
2026-04-06 02:11:52,407 [INFO]   Boosted hot signal for EUROP
2026-04-06 02:12:19,301 [INFO] ⚡ ACCUMULATION BURST: EUROP — 3 buys, 22317 XRP in 60s
2026-04-06 02:12:19,302 [INFO]   Boosted hot signal for EUROP
2026-04-06 02:12:34,940 [INFO] ⚡ ACCUMULATION BURST: EUROP — 3 buys, 22303 XRP in 60s
2026-04-06 02:12:34,942 [INFO]   Boosted hot signal for EUROP
2026-04-06 02:12:54,154 [INFO] ⚡ ACCUMULATION BURST: EUROP — 3 buys, 22275 XRP in 60s
2026-04-06 02:12:54,155 [INFO]   Boosted hot signal for EUROP
2026-04-06 02:13:21,731 [INFO] ⚡ ACCUMULATION BURST: EUROP — 3 buys, 22265 XRP in 60s
2026-04-06 02:13:21,732 [INFO]   Boosted hot signal for EUROP
2026-04-06 02:13:25,524 [INFO] ⚡ ACCUMULATION BURST: AUDD — 3 buys, 30786 XRP in 60s
2026-04-06 02:13:25,525 [INFO]   Boosted hot signal for AUDD
2026-04-06 02:13:52,484 [INFO] ⚡ ACCUMULATION BURST: EUROP — 3 buys, 22278 XRP in 60s
2026-04-06 02:13:52,486 [INFO]   Boosted hot signal for EUROP
2026-04-06 02:14:19,938 [INFO] ⚡ ACCUMULATION BURST: Laugh — 3 buys, 543 XRP in 60s
2026-04-06 02:14:35,219 [INFO] ⚡ ACCUMULATION BURST: EUROP — 3 buys, 22321 XRP in 60s
2026-04-06 02:14:35,220 [INFO]   Boosted hot signal for EUROP
2026-04-06 02:14:46,784 [INFO] ⚡ ACCUMULATION BURST: XAG — 3 buys, 718 XRP in 60s
2026-04-06 02:14:46,789 [INFO] Analyzing launch: XAG | TVL=1484 XRP | issuer=rpG9E7B3ocgaKqG7...
2026-04-06 02:14:47,950 [INFO] ✅ Injected XAG into registry (105 total)
2026-04-06 02:14:48,032 [INFO] TG alert sent for XAG (DNA=55)
2026-04-06 02:15:18,413 [INFO] ⚡ ACCUMULATION BURST: EUROP — 3 buys, 22326 XRP in 60s
2026-04-06 02:15:18,414 [INFO]   Boosted hot signal for EUROP
2026-04-06 02:15:52,490 [INFO] ⚡ ACCUMULATION BURST: EUROP — 3 buys, 22347 XRP in 60s
2026-04-06 02:15:52,492 [INFO]   Boosted hot signal for EUROP
2026-04-06 02:15:56,476 [INFO] ⚡ ACCUMULATION BURST: AUDD — 3 buys, 30852 XRP in 60s
2026-04-06 02:15:56,477 [INFO]   Boosted hot signal for AUDD
2026-04-06 02:16:39,446 [INFO] ⚡ ACCUMULATION BURST: EUROP — 3 buys, 22332 XRP in 60s
2026-04-06 02:16:39,448 [INFO]   Boosted hot signal for EUROP
2026-04-06 02:16:55,037 [INFO] ⚡ ACCUMULATION BURST: SCHWEPE — 3 buys, 217 XRP in 60s
2026-04-06 02:16:55,042 [INFO] Analyzing launch: SCHWEPE | TVL=11631 XRP | issuer=rUQXurByxmKni4aL...
2026-04-06 02:16:56,247 [INFO] ✅ Injected SCHWEPE into registry (106 total)
2026-04-06 02:16:56,374 [INFO] TG alert sent for SCHWEPE (DNA=40)
2026-04-06 02:17:18,255 [INFO] ⚡ ACCUMULATION BURST: EUROP — 3 buys, 22310 XRP in 60s
2026-04-06 02:17:18,256 [INFO]   Boosted hot signal for EUROP
2026-04-06 02:17:25,663 [INFO] ⚡ ACCUMULATION BURST: AUDD — 3 buys, 30842 XRP in 60s
2026-04-06 02:17:25,665 [INFO]   Boosted hot signal for AUDD
2026-04-06 02:17:41,400 [INFO] ⚡ ACCUMULATION BURST: EUROP — 3 buys, 22330 XRP in 60s
2026-04-06 02:17:41,401 [INFO]   Boosted hot signal for EUROP
2026-04-06 02:20:04,066 [INFO] ⚡ ACCUMULATION BURST: EUROP — 3 buys, 7576 XRP in 60s
2026-04-06 02:20:04,067 [INFO]   Boosted hot signal for EUROP
2026-04-06 02:20:38,816 [INFO] ⚡ ACCUMULATION BURST: EUROP — 3 buys, 22322 XRP in 60s
2026-04-06 02:20:38,818 [INFO]   Boosted hot signal for EUROP
2026-04-06 02:21:13,723 [INFO] ⚡ ACCUMULATION BURST: EUROP — 3 buys, 22317 XRP in 60s
2026-04-06 02:21:13,724 [INFO]   Boosted hot signal for EUROP
2026-04-06 02:22:00,479 [INFO] ⚡ ACCUMULATION BURST: EUROP — 3 buys, 22307 XRP in 60s
2026-04-06 02:22:00,481 [INFO]   Boosted hot signal for EUROP
2026-04-06 02:22:23,892 [INFO] ⚡ ACCUMULATION BURST: EUROP — 3 buys, 22339 XRP in 60s
2026-04-06 02:22:23,893 [INFO]   Boosted hot signal for EUROP
2026-04-06 02:23:06,854 [INFO] ⚡ ACCUMULATION BURST: EUROP — 3 buys, 14965 XRP in 60s
2026-04-06 02:23:06,856 [INFO]   Boosted hot signal for EUROP
2026-04-06 02:23:33,979 [INFO] ⚡ ACCUMULATION BURST: EUROP — 3 buys, 22357 XRP in 60s
2026-04-06 02:23:33,980 [INFO]   Boosted hot signal for EUROP
2026-04-06 02:23:57,115 [INFO] ⚡ ACCUMULATION BURST: AUDD — 3 buys, 30899 XRP in 60s
2026-04-06 02:23:57,117 [INFO]   Boosted hot signal for AUDD
2026-04-06 02:24:23,968 [INFO] ⚡ ACCUMULATION BURST: EUROP — 3 buys, 22353 XRP in 60s
2026-04-06 02:24:23,970 [INFO]   Boosted hot signal for EUROP
2026-04-06 02:24:31,935 [INFO] ⚡ ACCUMULATION BURST: OPM — 3 buys, 618 XRP in 60s
2026-04-06 02:24:31,937 [INFO]   Boosted hot signal for OPM
2026-04-06 02:24:57,540 [INFO] ⚡ ACCUMULATION BURST: EUROP — 3 buys, 22351 XRP in 60s
2026-04-06 02:24:57,542 [INFO]   Boosted hot signal for EUROP
2026-04-06 02:25:35,445 [INFO] ⚡ ACCUMULATION BURST: EUROP — 3 buys, 22363 XRP in 60s
2026-04-06 02:25:35,447 [INFO]   Boosted hot signal for EUROP
2026-04-06 02:26:02,361 [INFO] ⚡ ACCUMULATION BURST: EUROP — 3 buys, 14978 XRP in 60s
2026-04-06 02:26:02,363 [INFO]   Boosted hot signal for EUROP
2026-04-06 02:27:00,188 [INFO] ⚡ ACCUMULATION BURST: EUROP — 3 buys, 22367 XRP in 60s
2026-04-06 02:27:00,191 [INFO]   Boosted hot signal for EUROP
2026-04-06 02:28:01,262 [INFO] ⚡ ACCUMULATION BURST: EUROP — 3 buys, 22371 XRP in 60s
2026-04-06 02:28:01,264 [INFO]   Boosted hot signal for EUROP
2026-04-06 02:28:20,383 [INFO] ⚡ ACCUMULATION BURST: EUROP — 3 buys, 14974 XRP in 60s
2026-04-06 02:28:20,385 [INFO]   Boosted hot signal for EUROP
2026-04-06 02:29:37,558 [INFO] ⚡ ACCUMULATION BURST: EUROP — 3 buys, 22344 XRP in 60s
2026-04-06 02:29:37,560 [INFO]   Boosted hot signal for EUROP
2026-04-06 02:30:08,637 [INFO] ⚡ ACCUMULATION BURST: EUROP — 3 buys, 22327 XRP in 60s
2026-04-06 02:30:08,639 [INFO]   Boosted hot signal for EUROP
2026-04-06 02:30:27,976 [INFO] ⚡ ACCUMULATION BURST: EUROP — 3 buys, 22315 XRP in 60s
2026-04-06 02:30:27,978 [INFO]   Boosted hot signal for EUROP
2026-04-06 02:31:06,612 [INFO] ⚡ ACCUMULATION BURST: EUROP — 3 buys, 22321 XRP in 60s
2026-04-06 02:31:06,615 [INFO]   Boosted hot signal for EUROP
2026-04-06 02:31:44,996 [INFO] ⚡ ACCUMULATION BURST: EUROP — 3 buys, 14943 XRP in 60s
2026-04-06 02:31:44,998 [INFO]   Boosted hot signal for EUROP
2026-04-06 02:32:46,925 [INFO] ⚡ ACCUMULATION BURST: EUROP — 3 buys, 22306 XRP in 60s
2026-04-06 02:32:46,927 [INFO]   Boosted hot signal for EUROP
2026-04-06 02:33:33,138 [INFO] ⚡ ACCUMULATION BURST: EUROP — 3 buys, 22303 XRP in 60s
2026-04-06 02:33:33,139 [INFO]   Boosted hot signal for EUROP
2026-04-06 02:34:34,245 [INFO] ⚡ ACCUMULATION BURST: EUROP — 3 buys, 22309 XRP in 60s
2026-04-06 02:34:34,247 [INFO]   Boosted hot signal for EUROP
2026-04-06 02:35:16,527 [INFO] ⚡ ACCUMULATION BURST: FARM — 3 buys, 311 XRP in 60s
2026-04-06 02:35:16,534 [INFO] Analyzing launch: FARM | TVL=12026 XRP | issuer=rPrAEfVATUNDTJm9...
2026-04-06 02:35:17,707 [INFO] ✅ Injected FARM into registry (102 total)
2026-04-06 02:35:20,341 [INFO] TG alert sent for FARM (DNA=32)
2026-04-06 02:35:39,587 [INFO] ⚡ ACCUMULATION BURST: EUROP — 3 buys, 22315 XRP in 60s
2026-04-06 02:35:39,589 [INFO]   Boosted hot signal for EUROP
2026-04-06 02:36:28,647 [INFO] ⚡ ACCUMULATION BURST: DSH — 3 buys, 5699 XRP in 60s
2026-04-06 02:36:58,866 [INFO] ⚡ ACCUMULATION BURST: XRPayNet — 3 buys, 307 XRP in 60s
2026-04-06 02:36:58,874 [INFO] Analyzing launch: XRPayNet | TVL=2278 XRP | issuer=r9rRLst96Ue4YTDQ...
2026-04-06 02:37:00,029 [INFO] ✅ Injected XRPayNet into registry (103 total)
2026-04-06 02:37:00,101 [INFO] TG alert sent for XRPayNet (DNA=56)
2026-04-06 02:37:49,648 [INFO] ⚡ ACCUMULATION BURST: EUROP — 3 buys, 22329 XRP in 60s
2026-04-06 02:37:49,649 [INFO]   Boosted hot signal for EUROP
2026-04-06 02:37:53,482 [INFO] ⚡ ACCUMULATION BURST: SEAL — 3 buys, 452 XRP in 60s
2026-04-06 02:38:28,088 [INFO] ⚡ ACCUMULATION BURST: EUROP — 3 buys, 22361 XRP in 60s
2026-04-06 02:38:28,089 [INFO]   Boosted hot signal for EUROP
2026-04-06 02:39:25,997 [INFO] ⚡ ACCUMULATION BURST: SEAL — 3 buys, 452 XRP in 60s
2026-04-06 02:39:29,851 [INFO] ⚡ ACCUMULATION BURST: EUROP — 3 buys, 22355 XRP in 60s
2026-04-06 02:39:29,853 [INFO]   Boosted hot signal for EUROP
2026-04-06 02:39:41,351 [INFO] ⚡ ACCUMULATION BURST: XDC — 3 buys, 2526 XRP in 60s
2026-04-06 02:39:41,364 [INFO] Analyzing launch: XDC | TVL=2406 XRP | issuer=rL2mB7aK22Fdzvx7...
2026-04-06 02:39:42,536 [INFO] ✅ Injected XDC into registry (104 total)
2026-04-06 02:39:42,610 [INFO] TG alert sent for XDC (DNA=60)
2026-04-06 02:40:39,479 [INFO] ⚡ ACCUMULATION BURST: EUROP — 3 buys, 22379 XRP in 60s
2026-04-06 02:40:39,480 [INFO]   Boosted hot signal for EUROP
2026-04-06 02:41:25,743 [INFO] ⚡ ACCUMULATION BURST: DSH — 3 buys, 5699 XRP in 60s
2026-04-06 02:42:00,631 [INFO] ⚡ ACCUMULATION BURST: AUDD — 3 buys, 30942 XRP in 60s
2026-04-06 02:42:00,636 [INFO] Analyzing launch: AUDD | TVL=1083 XRP | issuer=rUN5Zxt3K1AnMRJg...
2026-04-06 02:42:01,762 [INFO] ✅ Injected AUDD into registry (105 total)
2026-04-06 02:42:04,313 [INFO] TG alert sent for AUDD (DNA=52)
2026-04-06 02:43:21,881 [INFO] ⚡ ACCUMULATION BURST: DSH — 3 buys, 5699 XRP in 60s
2026-04-06 02:44:46,430 [INFO] ⚡ ACCUMULATION BURST: EUROP — 3 buys, 14996 XRP in 60s
2026-04-06 02:44:46,432 [INFO]   Boosted hot signal for EUROP
2026-04-06 02:45:25,216 [INFO] ⚡ ACCUMULATION BURST: PHX — 3 buys, 303 XRP in 60s
2026-04-06 02:49:53,948 [INFO] ⚡ ACCUMULATION BURST: EUROP — 3 buys, 14975 XRP in 60s
2026-04-06 02:49:53,949 [INFO]   Boosted hot signal for EUROP
2026-04-06 02:51:10,687 [INFO] ⚡ ACCUMULATION BURST: EUROP — 3 buys, 14979 XRP in 60s
2026-04-06 02:51:10,689 [INFO]   Boosted hot signal for EUROP
2026-04-06 02:53:59,385 [INFO] ⚡ ACCUMULATION BURST: EUROP — 3 buys, 22378 XRP in 60s
2026-04-06 02:53:59,387 [INFO]   Boosted hot signal for EUROP
2026-04-06 02:54:11,064 [INFO] ⚡ ACCUMULATION BURST: PHX — 3 buys, 303 XRP in 60s
2026-04-06 02:55:24,327 [INFO] ⚡ ACCUMULATION BURST: EUROP — 3 buys, 7591 XRP in 60s
2026-04-06 02:55:24,330 [INFO]   Boosted hot signal for EUROP
2026-04-06 02:57:52,876 [INFO] ⚡ ACCUMULATION BURST: EUROP — 3 buys, 22377 XRP in 60s
2026-04-06 02:57:52,878 [INFO]   Boosted hot signal for EUROP
2026-04-06 03:00:16,157 [INFO] ⚡ ACCUMULATION BURST: EUROP — 3 buys, 14984 XRP in 60s
2026-04-06 03:00:16,159 [INFO]   Boosted hot signal for EUROP
2026-04-06 03:01:44,759 [INFO] ⚡ ACCUMULATION BURST: EUROP — 3 buys, 22370 XRP in 60s
2026-04-06 03:01:44,761 [INFO]   Boosted hot signal for EUROP
2026-04-06 03:06:34,725 [INFO] ⚡ ACCUMULATION BURST: EUROP — 3 buys, 22368 XRP in 60s
2026-04-06 03:06:34,726 [INFO]   Boosted hot signal for EUROP
2026-04-06 03:06:34,738 [INFO] ⚡ ACCUMULATION BURST: AUDD — 3 buys, 30908 XRP in 60s
2026-04-06 03:06:34,739 [INFO]   Boosted hot signal for AUDD
2026-04-06 03:06:53,970 [INFO] ⚡ ACCUMULATION BURST: PHX — 3 buys, 606 XRP in 60s
2026-04-06 03:07:28,100 [INFO] ⚡ ACCUMULATION BURST: EUROP — 3 buys, 22374 XRP in 60s
2026-04-06 03:07:28,102 [INFO]   Boosted hot signal for EUROP
2026-04-06 03:08:33,719 [INFO] ⚡ ACCUMULATION BURST: AUDD — 3 buys, 30909 XRP in 60s
2026-04-06 03:08:33,720 [INFO]   Boosted hot signal for AUDD
2026-04-06 03:08:53,286 [INFO] ⚡ ACCUMULATION BURST: EUROP — 3 buys, 22385 XRP in 60s
2026-04-06 03:08:53,287 [INFO]   Boosted hot signal for EUROP
2026-04-06 03:09:43,354 [INFO] ⚡ ACCUMULATION BURST: EUROP — 3 buys, 14996 XRP in 60s
2026-04-06 03:09:43,355 [INFO]   Boosted hot signal for EUROP
2026-04-06 03:13:33,944 [INFO] ⚡ ACCUMULATION BURST: EUROP — 3 buys, 14989 XRP in 60s
2026-04-06 03:13:33,946 [INFO]   Boosted hot signal for EUROP
2026-04-06 03:14:32,075 [INFO] ⚡ ACCUMULATION BURST: EUROP — 3 buys, 22402 XRP in 60s
2026-04-06 03:14:32,077 [INFO]   Boosted hot signal for EUROP
2026-04-06 03:16:32,111 [INFO] ⚡ ACCUMULATION BURST: BCHAMP — 3 buys, 373 XRP in 60s
2026-04-06 03:17:06,224 [INFO] ⚡ ACCUMULATION BURST: EUROP — 3 buys, 14986 XRP in 60s
2026-04-06 03:17:06,226 [INFO]   Boosted hot signal for EUROP
2026-04-06 03:18:11,830 [INFO] ⚡ ACCUMULATION BURST: BCHAMP — 3 buys, 361 XRP in 60s
2026-04-06 03:18:19,502 [INFO] ⚡ ACCUMULATION BURST: EUROP — 3 buys, 22396 XRP in 60s
2026-04-06 03:18:19,504 [INFO]   Boosted hot signal for EUROP
2026-04-06 03:19:21,348 [INFO] ⚡ ACCUMULATION BURST: EUROP — 3 buys, 14996 XRP in 60s
2026-04-06 03:19:21,350 [INFO]   Boosted hot signal for EUROP
2026-04-06 03:19:29,047 [INFO] ⚡ ACCUMULATION BURST: DSH — 3 buys, 5693 XRP in 60s
2026-04-06 03:19:32,953 [INFO] ⚡ ACCUMULATION BURST: EUROP — 3 buys, 15006 XRP in 60s
2026-04-06 03:19:32,954 [INFO]   Boosted hot signal for EUROP
2026-04-06 03:20:00,298 [INFO] ⚡ ACCUMULATION BURST: EUROP — 3 buys, 22407 XRP in 60s
2026-04-06 03:20:00,299 [INFO]   Boosted hot signal for EUROP
2026-04-06 03:20:31,118 [INFO] ⚡ ACCUMULATION BURST: EUROP — 3 buys, 22424 XRP in 60s
2026-04-06 03:20:31,120 [INFO]   Boosted hot signal for EUROP
2026-04-06 03:21:01,958 [INFO] ⚡ ACCUMULATION BURST: EUROP — 3 buys, 22401 XRP in 60s
2026-04-06 03:21:01,959 [INFO]   Boosted hot signal for EUROP
2026-04-06 03:21:44,565 [INFO] ⚡ ACCUMULATION BURST: EUROP — 3 buys, 15004 XRP in 60s
2026-04-06 03:21:44,567 [INFO]   Boosted hot signal for EUROP
2026-04-06 03:21:55,979 [INFO] ⚡ ACCUMULATION BURST: AUDD — 3 buys, 30931 XRP in 60s
2026-04-06 03:21:55,981 [INFO]   Boosted hot signal for AUDD
2026-04-06 03:22:07,717 [INFO] ⚡ ACCUMULATION BURST: EUROP — 3 buys, 22399 XRP in 60s
2026-04-06 03:22:07,718 [INFO]   Boosted hot signal for EUROP
2026-04-06 03:22:39,008 [INFO] ⚡ ACCUMULATION BURST: aura — 3 buys, 417 XRP in 60s
2026-04-06 03:22:39,010 [INFO]   Boosted hot signal for aura
2026-04-06 03:23:06,097 [INFO] ⚡ ACCUMULATION BURST: EUROP — 3 buys, 15016 XRP in 60s
2026-04-06 03:23:06,099 [INFO]   Boosted hot signal for EUROP
2026-04-06 03:23:06,105 [INFO] ⚡ ACCUMULATION BURST: DSH — 3 buys, 5695 XRP in 60s
2026-04-06 03:24:08,527 [INFO] ⚡ ACCUMULATION BURST: EUROP — 3 buys, 22404 XRP in 60s
2026-04-06 03:24:08,529 [INFO]   Boosted hot signal for EUROP
2026-04-06 03:25:18,406 [INFO] ⚡ ACCUMULATION BURST: ARMY — 3 buys, 7241 XRP in 60s
2026-04-06 03:27:07,212 [INFO] ⚡ ACCUMULATION BURST: EUROP — 3 buys, 22391 XRP in 60s
2026-04-06 03:27:07,214 [INFO]   Boosted hot signal for EUROP
2026-04-06 03:30:24,447 [INFO] ⚡ ACCUMULATION BURST: EUROP — 3 buys, 22384 XRP in 60s
2026-04-06 03:30:24,452 [INFO] Analyzing launch: EUROP | TVL=425 XRP | issuer=rMkEuRii9w9uBMQD...
2026-04-06 03:30:25,710 [INFO] ✅ Injected EUROP into registry (83 total)
2026-04-06 03:30:25,784 [INFO] TG alert sent for EUROP (DNA=52)
2026-04-06 03:31:03,481 [INFO] ⚡ ACCUMULATION BURST: AUDD — 3 buys, 30921 XRP in 60s
2026-04-06 03:31:03,487 [INFO] Analyzing launch: AUDD | TVL=1083 XRP | issuer=rUN5Zxt3K1AnMRJg...
2026-04-06 03:31:04,659 [INFO] ✅ Injected AUDD into registry (352 total)
2026-04-06 03:31:04,742 [INFO] TG alert sent for AUDD (DNA=52)
2026-04-06 03:32:28,450 [INFO] ⚡ ACCUMULATION BURST: EUROP — 3 buys, 22381 XRP in 60s
2026-04-06 03:32:28,455 [INFO] Analyzing launch: EUROP | TVL=425 XRP | issuer=rMkEuRii9w9uBMQD...
2026-04-06 03:32:29,637 [INFO] ✅ Injected EUROP into registry (353 total)
2026-04-06 03:32:29,719 [INFO] TG alert sent for EUROP (DNA=52)
2026-04-06 03:33:11,124 [INFO] ⚡ ACCUMULATION BURST: BCHAMP — 3 buys, 301 XRP in 60s
2026-04-06 03:33:41,984 [INFO] ⚡ ACCUMULATION BURST: BCHAMP — 3 buys, 301 XRP in 60s
