[2026-04-02 17:41:13] === Hygiene start ===
[2026-04-02 17:41:13] Hygiene done: {'ts': 1775151673.76182, 'dust_sold': 0, 'lines_closed': 0, 'offers_cancelled': 0, 'duration_ms': 4}
[2026-04-03 16:41:24] === Hygiene start ===
[2026-04-03 16:41:24] Selling dust: 0.0451 EVR = 0.0037 XRP
[2026-04-03 16:41:40] Selling dust: 0.0053 4252455454000000000000000000000000000000 = 0.0000 XRP
[2026-04-03 16:41:40] ERROR sell_dust 4252455454000000000000000000000000000000: {'currency': 'Invalid currency 34323532343535343534303030303030303030303030303030303030303030303030303030303030'}
[2026-04-03 16:41:40] Selling dust: 392.1857 504F524B45520000000000000000000000000000 = 0.0007 XRP
[2026-04-03 16:41:40] ERROR sell_dust 504F524B45520000000000000000000000000000: {'currency': 'Invalid currency 35303446353234423435353230303030303030303030303030303030303030303030303030303030'}
[2026-04-03 16:41:40] Selling dust: 0.1951 5852504800000000000000000000000000000000 = 0.0028 XRP
[2026-04-03 16:41:40] ERROR sell_dust 5852504800000000000000000000000000000000: {'currency': 'Invalid currency 35383532353034383030303030303030303030303030303030303030303030303030303030303030'}
[2026-04-03 16:41:40] Selling dust: 0.8698 SPY = 0.3472 XRP
[2026-04-03 16:41:52] Selling dust: 721.8188 CSC = 0.0232 XRP
[2026-04-03 16:42:07] Selling dust: 91.2037 444F424500000000000000000000000000000000 = 0.3686 XRP
[2026-04-03 16:42:07] ERROR sell_dust 444F424500000000000000000000000000000000: {'currency': 'Invalid currency 34343446343234353030303030303030303030303030303030303030303030303030303030303030'}
[2026-04-03 16:42:07] Selling dust: 5.0306 434F524500000000000000000000000000000000 = 0.0609 XRP
[2026-04-03 16:42:07] ERROR sell_dust 434F524500000000000000000000000000000000: {'currency': 'Invalid currency 34333446353234353030303030303030303030303030303030303030303030303030303030303030'}
[2026-04-03 16:42:07] Selling dust: 0.0007 NOX = 0.0000 XRP
[2026-04-03 16:42:22] Selling dust: 132761.9772 5465646479000000000000000000000000000000 = 0.0302 XRP
[2026-04-03 16:42:22] ERROR sell_dust 5465646479000000000000000000000000000000: {'currency': 'Invalid currency 35343635363436343739303030303030303030303030303030303030303030303030303030303030'}
[2026-04-03 16:42:22] Hygiene done: {'ts': 1775234484.7917101, 'dust_sold': 4, 'lines_closed': 4, 'offers_cancelled': 0, 'duration_ms': 58147}
[2026-04-04 16:51:22] === Hygiene start ===
[2026-04-04 16:51:22] Hygiene done: {'ts': 1775321482.6520348, 'dust_sold': 0, 'lines_closed': 0, 'offers_cancelled': 0, 'duration_ms': 4}
[2026-04-05 18:51:28] === Hygiene start ===
[2026-04-05 18:51:28] Hygiene done: {'ts': 1775415088.3639653, 'dust_sold': 0, 'lines_closed': 0, 'offers_cancelled': 0, 'duration_ms': 21}
[2026-04-06 18:23:26] === Hygiene start ===
[2026-04-06 18:23:26] Closing zero-balance trustline: 53454E5400000000000000000000000000000000:rspYcqzdPTjaUPmWg9i1vK5LJLSyfJUpH4
[2026-04-06 18:23:33] Closing zero-balance trustline: XDC:rL2mB7aK22Fdzvx7Hp277cJcvPNC2V3QeF
[2026-04-06 18:23:41] Closing zero-balance trustline: 53657270656E7400000000000000000000000000:rRd4PRLPtvYT3KsVdfZBccLpS3Mk8Vo7E
[2026-04-06 18:23:48] Closing zero-balance trustline: 4252455454000000000000000000000000000000:r9aQij7Hj4XnPVKDcK5zhPGDrAMmi4mqVp
[2026-04-06 18:23:52] Closing zero-balance trustline: 595A5A5546000000000000000000000000000000:rPzDvACffFYezttfbbeGcje5qCXK8R2uxB
[2026-04-06 18:24:00] Selling dust: 105724.5501 5052535600000000000000000000000000000000 = 0.1605 XRP
[2026-04-06 18:24:01] ERROR sell_dust 5052535600000000000000000000000000000000: {'currency': 'Invalid currency 35303532353335363030303030303030303030303030303030303030303030303030303030303030'}
[2026-04-06 18:24:01] Selling dust: 4488223.0315 4348455354000000000000000000000000000000 = 0.3678 XRP
[2026-04-06 18:24:01] ERROR sell_dust 4348455354000000000000000000000000000000: {'currency': 'Invalid currency 34333438343535333534303030303030303030303030303030303030303030303030303030303030'}
[2026-04-06 18:24:01] Closing zero-balance trustline: TOW:rstXMYib49TXTv69QioDhADxwxqSNrqRmV
[2026-04-06 18:24:08] Selling dust: 61.6433 434849434B454E00000000000000000000000000 = 0.3974 XRP
[2026-04-06 18:24:08] ERROR sell_dust 434849434B454E00000000000000000000000000: {'currency': 'Invalid currency 34333438343934333442343534453030303030303030303030303030303030303030303030303030'}
[2026-04-06 18:24:08] Selling dust: 22.8825 6272697A7A6C7900000000000000000000000000 = 0.3074 XRP
[2026-04-06 18:24:08] ERROR sell_dust 6272697A7A6C7900000000000000000000000000: {'currency': 'Invalid currency 36323732363937413741364337393030303030303030303030303030303030303030303030303030'}
[2026-04-06 18:24:08] Hygiene done: {'ts': 1775499806.1317313, 'dust_sold': 0, 'lines_closed': 6, 'offers_cancelled': 0, 'duration_ms': 42075}
[2026-04-06 22:13:34] === Hygiene start ===
[2026-04-06 22:13:34] Closing zero-balance trustline: 53454E5400000000000000000000000000000000:rspYcqzdPTjaUPmWg9i1vK5LJLSyfJUpH4
[2026-04-06 22:13:34] ERROR close_trustline 53454E5400000000000000000000000000000000:rspYcqzdPTjaUPmWg9i1vK5LJLSyfJUpH4: [Errno 2] No such file or directory: '/home/agent/workspace/trading-bot-v2/memory/secrets.md'
[2026-04-06 22:13:34] Closing zero-balance trustline: XDC:rL2mB7aK22Fdzvx7Hp277cJcvPNC2V3QeF
[2026-04-06 22:13:34] ERROR close_trustline XDC:rL2mB7aK22Fdzvx7Hp277cJcvPNC2V3QeF: [Errno 2] No such file or directory: '/home/agent/workspace/trading-bot-v2/memory/secrets.md'
[2026-04-06 22:13:34] Closing zero-balance trustline: SGB:rctArjqVvTHihekzDeecKo6mkTYTUSBNc
[2026-04-06 22:13:34] ERROR close_trustline SGB:rctArjqVvTHihekzDeecKo6mkTYTUSBNc: [Errno 2] No such file or directory: '/home/agent/workspace/trading-bot-v2/memory/secrets.md'
[2026-04-06 22:13:34] Closing zero-balance trustline: 53657270656E7400000000000000000000000000:rRd4PRLPtvYT3KsVdfZBccLpS3Mk8Vo7E
[2026-04-06 22:13:34] ERROR close_trustline 53657270656E7400000000000000000000000000:rRd4PRLPtvYT3KsVdfZBccLpS3Mk8Vo7E: [Errno 2] No such file or directory: '/home/agent/workspace/trading-bot-v2/memory/secrets.md'
[2026-04-06 22:13:34] Closing zero-balance trustline: 4252455454000000000000000000000000000000:r9aQij7Hj4XnPVKDcK5zhPGDrAMmi4mqVp
[2026-04-06 22:13:34] ERROR close_trustline 4252455454000000000000000000000000000000:r9aQij7Hj4XnPVKDcK5zhPGDrAMmi4mqVp: [Errno 2] No such file or directory: '/home/agent/workspace/trading-bot-v2/memory/secrets.md'
[2026-04-06 22:13:34] Closing zero-balance trustline: 595A5A5546000000000000000000000000000000:rPzDvACffFYezttfbbeGcje5qCXK8R2uxB
[2026-04-06 22:13:34] ERROR close_trustline 595A5A5546000000000000000000000000000000:rPzDvACffFYezttfbbeGcje5qCXK8R2uxB: [Errno 2] No such file or directory: '/home/agent/workspace/trading-bot-v2/memory/secrets.md'
[2026-04-06 22:13:34] Selling dust: 105724.5501 5052535600000000000000000000000000000000 = 0.1787 XRP
[2026-04-06 22:13:34] ERROR sell_dust 5052535600000000000000000000000000000000: [Errno 2] No such file or directory: '/home/agent/workspace/trading-bot-v2/memory/secrets.md'
[2026-04-06 22:13:34] Selling dust: 4488223.0315 4348455354000000000000000000000000000000 = 0.3678 XRP
[2026-04-06 22:13:34] ERROR sell_dust 4348455354000000000000000000000000000000: [Errno 2] No such file or directory: '/home/agent/workspace/trading-bot-v2/memory/secrets.md'
[2026-04-06 22:13:34] Selling dust: 3642.1128 524C494452000000000000000000000000000000 = 0.0589 XRP
[2026-04-06 22:13:34] ERROR sell_dust 524C494452000000000000000000000000000000: [Errno 2] No such file or directory: '/home/agent/workspace/trading-bot-v2/memory/secrets.md'
[2026-04-06 22:13:34] Closing zero-balance trustline: 524F4F534556454C540000000000000000000000:rUaSSCMTdM4eFEqD4VfAE5CC3Vkz3nVGMA
[2026-04-06 22:13:34] ERROR close_trustline 524F4F534556454C540000000000000000000000:rUaSSCMTdM4eFEqD4VfAE5CC3Vkz3nVGMA: [Errno 2] No such file or directory: '/home/agent/workspace/trading-bot-v2/memory/secrets.md'
[2026-04-06 22:13:34] Closing zero-balance trustline: TOW:rstXMYib49TXTv69QioDhADxwxqSNrqRmV
[2026-04-06 22:13:34] ERROR close_trustline TOW:rstXMYib49TXTv69QioDhADxwxqSNrqRmV: [Errno 2] No such file or directory: '/home/agent/workspace/trading-bot-v2/memory/secrets.md'
[2026-04-06 22:13:34] Selling dust: 22.8825 6272697A7A6C7900000000000000000000000000 = 0.3602 XRP
[2026-04-06 22:13:34] ERROR sell_dust 6272697A7A6C7900000000000000000000000000: [Errno 2] No such file or directory: '/home/agent/workspace/trading-bot-v2/memory/secrets.md'
[2026-04-06 22:13:34] Hygiene done: {'ts': 1775513614.4784029, 'dust_sold': 0, 'lines_closed': 0, 'offers_cancelled': 0, 'duration_ms': 463}
[2026-04-06 22:20:34] === Hygiene start ===
[2026-04-06 22:20:34] Closing zero-balance trustline: 53454E5400000000000000000000000000000000:rspYcqzdPTjaUPmWg9i1vK5LJLSyfJUpH4
[2026-04-06 22:20:42] Closing zero-balance trustline: XDC:rL2mB7aK22Fdzvx7Hp277cJcvPNC2V3QeF
[2026-04-06 22:20:49] Closing zero-balance trustline: SGB:rctArjqVvTHihekzDeecKo6mkTYTUSBNc
[2026-04-06 22:20:57] Closing zero-balance trustline: 4252455454000000000000000000000000000000:r9aQij7Hj4XnPVKDcK5zhPGDrAMmi4mqVp
[2026-04-06 22:21:04] Closing zero-balance trustline: 595A5A5546000000000000000000000000000000:rPzDvACffFYezttfbbeGcje5qCXK8R2uxB
[2026-04-06 22:21:09] Selling dust: 105724.5501 5052535600000000000000000000000000000000 = 0.1693 XRP
[2026-04-06 22:21:33] Selling dust: 4488223.0315 4348455354000000000000000000000000000000 = 0.3678 XRP
[2026-04-06 22:21:36] === Hygiene start ===
[2026-04-06 22:21:36] Closing zero-balance trustline: 53454E5400000000000000000000000000000000:rspYcqzdPTjaUPmWg9i1vK5LJLSyfJUpH4
[2026-04-06 22:21:44] Closing zero-balance trustline: XDC:rL2mB7aK22Fdzvx7Hp277cJcvPNC2V3QeF
[2026-04-06 22:21:52] Closing zero-balance trustline: SGB:rctArjqVvTHihekzDeecKo6mkTYTUSBNc
[2026-04-06 22:21:56] Selling dust: 3642.1128 524C494452000000000000000000000000000000 = 0.0589 XRP
[2026-04-06 22:22:00] Closing zero-balance trustline: 4252455454000000000000000000000000000000:r9aQij7Hj4XnPVKDcK5zhPGDrAMmi4mqVp
[2026-04-06 22:22:07] Closing zero-balance trustline: 595A5A5546000000000000000000000000000000:rPzDvACffFYezttfbbeGcje5qCXK8R2uxB
[2026-04-06 22:22:15] Selling dust: 105724.5501 5052535600000000000000000000000000000000 = 0.1693 XRP
[2026-04-06 22:22:18] Closing zero-balance trustline: 524F4F534556454C540000000000000000000000:rUaSSCMTdM4eFEqD4VfAE5CC3Vkz3nVGMA
[2026-04-06 22:22:27] Closing zero-balance trustline: TOW:rstXMYib49TXTv69QioDhADxwxqSNrqRmV
[2026-04-06 22:22:27] === Hygiene start ===
[2026-04-06 22:22:27] Closing zero-balance trustline: 53454E5400000000000000000000000000000000:rspYcqzdPTjaUPmWg9i1vK5LJLSyfJUpH4
[2026-04-06 22:22:35] Selling dust: 22.8825 6272697A7A6C7900000000000000000000000000 = 0.3855 XRP
[2026-04-06 22:22:35] Closing zero-balance trustline: XDC:rL2mB7aK22Fdzvx7Hp277cJcvPNC2V3QeF
[2026-04-06 22:22:38] Selling dust: 4488223.0315 4348455354000000000000000000000000000000 = 0.3678 XRP
[2026-04-06 22:22:42] Closing zero-balance trustline: SGB:rctArjqVvTHihekzDeecKo6mkTYTUSBNc
[2026-04-06 22:22:50] Closing zero-balance trustline: 4252455454000000000000000000000000000000:r9aQij7Hj4XnPVKDcK5zhPGDrAMmi4mqVp
[2026-04-06 22:22:58] Closing zero-balance trustline: 595A5A5546000000000000000000000000000000:rPzDvACffFYezttfbbeGcje5qCXK8R2uxB
[2026-04-06 22:23:02] Selling dust: 3642.1128 524C494452000000000000000000000000000000 = 0.0589 XRP
[2026-04-06 22:42:08] === Hygiene start ===
[2026-04-06 22:42:08] Closing zero-balance trustline: 53454E5400000000000000000000000000000000:rspYcqzdPTjaUPmWg9i1vK5LJLSyfJUpH4
[2026-04-06 22:42:15] Closing zero-balance trustline: XDC:rL2mB7aK22Fdzvx7Hp277cJcvPNC2V3QeF
[2026-04-06 22:42:22] Closing zero-balance trustline: SGB:rctArjqVvTHihekzDeecKo6mkTYTUSBNc
[2026-04-06 22:42:26] Closing zero-balance trustline: 4252455454000000000000000000000000000000:r9aQij7Hj4XnPVKDcK5zhPGDrAMmi4mqVp
[2026-04-06 22:42:34] Closing zero-balance trustline: 595A5A5546000000000000000000000000000000:rPzDvACffFYezttfbbeGcje5qCXK8R2uxB
[2026-04-06 22:42:41] Selling dust: 105724.5501 5052535600000000000000000000000000000000 = 0.4340 XRP
[2026-04-06 22:43:05] Selling dust: 4488223.0315 4348455354000000000000000000000000000000 = 0.3678 XRP
[2026-04-06 22:43:29] Selling dust: 3642.1128 524C494452000000000000000000000000000000 = 0.0590 XRP
[2026-04-06 22:43:52] Closing zero-balance trustline: 524F4F534556454C540000000000000000000000:rUaSSCMTdM4eFEqD4VfAE5CC3Vkz3nVGMA
[2026-04-06 22:44:00] Closing zero-balance trustline: TOW:rstXMYib49TXTv69QioDhADxwxqSNrqRmV
[2026-04-06 22:44:04] Selling dust: 22.8825 6272697A7A6C7900000000000000000000000000 = 0.3044 XRP
[2026-04-06 22:44:27] Hygiene done: {'ts': 1775515328.876587, 'dust_sold': 0, 'lines_closed': 7, 'offers_cancelled': 0, 'duration_ms': 138824}
[2026-04-07 03:05:17] === Hygiene start ===
[2026-04-07 03:05:17] Abandoning micro-dust: 434849434B454E00000000000000000000000000 = 0.0000 XRP (gas > value)
[2026-04-07 03:05:25] Hygiene done: {'ts': 1775531117.3917904, 'dust_sold': 0, 'lines_closed': 1, 'offers_cancelled': 0, 'duration_ms': 8210}
